2017-04-03 10:13:44.587 INFO  [localhost-startStop-1] com.haulmont.cuba.core.sys.AppComponents - Using app components: [com.haulmont.cuba]
2017-04-03 10:13:44.723 INFO  [localhost-startStop-1] com.haulmont.cuba.core.sys.AppContextLoader - Loading app properties from classpath:cuba-app.properties
2017-04-03 10:13:44.725 INFO  [localhost-startStop-1] com.haulmont.cuba.core.sys.AppContextLoader - Loading app properties from classpath:com/company/ams/app.properties
2017-04-03 10:13:45.131 INFO  [localhost-startStop-1] com.haulmont.cuba.core.sys.AppContextLoader - DbmsType of the main database is set to hsql
2017-04-03 10:13:45.610 INFO  [localhost-startStop-1] com.haulmont.cuba.core.sys.persistence.PersistenceConfigProcessor - Creating file /home/elangovan/Desktop/projectAMS/build/tomcat/work/app-core/persistence.xml
2017-04-03 10:13:46.122 INFO  [localhost-startStop-1] com.haulmont.cuba.core.sys.CubaCoreApplicationContext - Refreshing com.haulmont.cuba.core.sys.CubaCoreApplicationContext@56e14612: startup date [Mon Apr 03 10:13:46 IST 2017]; root of context hierarchy
2017-04-03 10:14:01.295 INFO  [localhost-startStop-1] com.haulmont.chile.core.datatypes.Datatypes - Can't find /datatypes.xml, using default datatypes settings
2017-04-03 10:14:10.461 INFO  [localhost-startStop-1] com.haulmont.cuba.core.sys.CubaThreadPoolTaskScheduler - Initializing ExecutorService  'scheduler'
2017-04-03 10:14:11.029 INFO  [localhost-startStop-1] com.haulmont.cuba.core.sys.jmx.MBeanExporter - Registering beans for JMX exposure: [app-core.cuba:type=PersistenceManager, app-core.cuba:type=ConfigStorage, app-core.cuba:type=UserSessions, app-core.cuba:type=UniqueNumbers, app-core.cuba:type=Emailer, app-core.cuba:type=EntityLog, app-core.cuba:type=FileStorage, app-core.cuba:type=LockManager, app-core.cuba:type=CachingFacade, app-core.cuba:type=ClusterManager, app-core.cuba:type=ScriptingManager, app-core.cuba:type=ServerInfo, app-core.cuba:type=Scheduling, app-core.cuba:type=ObjectsCacheManager, app-core.cuba:type=PasswordEncryptionSupport, app-core.cuba:type=JmxNodeIdentifier, app-core.cuba:type=JmxLogControl, app-core.cuba:type=ClassLoaderManager, app-core.cuba:type=StatisticsCounter, app-core.cuba:type=BruteForceProtection, app-core.cuba:type=QueryCacheSupport, app-core.cuba:type=IdpSessions]
2017-04-03 10:14:11.989 DEBUG [localhost-startStop-1] com.haulmont.cuba.security.app.LoginWorkerBean - Initialize anonymous session
2017-04-03 10:14:11.993 INFO  [localhost-startStop-1] com.haulmont.cuba.core.app.ConfigStorage - Loading DB-stored app properties cache
2017-04-03 10:14:12.925 INFO  [localhost-startStop-1] com.haulmont.cuba.core.sys.MetadataImpl - Initializing metadata
2017-04-03 10:14:13.527 INFO  [localhost-startStop-1] com.haulmont.cuba.core.sys.MetadataImpl - Metadata initialized in 602ms
2017-04-03 10:14:15.960 INFO  [localhost-startStop-1] com.haulmont.cuba.core.sys.DefaultPermissionValuesConfig - Initializing default permission values
2017-04-03 10:14:16.294 INFO  [localhost-startStop-1] com.haulmont.cuba.security.app.LoginWorkerBean - Logged in: dcfaf853-9e32-2fb2-dca7-2c2f4cc43078 [anonymous]
2017-04-03 10:14:16.294 DEBUG [localhost-startStop-1] com.haulmont.cuba.security.app.LoginWorkerBean - Anonymous session initialized with id dcfaf853-9e32-2fb2-dca7-2c2f4cc43078
2017-04-03 10:14:16.295 INFO  [localhost-startStop-1] com.haulmont.cuba.core.sys.AppContextLoader - AppContext initialized
2017-04-03 10:14:16.481 INFO  [localhost-startStop-1] com.haulmont.cuba.core.sys.remoting.RemotingServlet - FrameworkServlet 'remoting': initialization started
2017-04-03 10:14:16.513 INFO  [localhost-startStop-1] com.haulmont.cuba.core.sys.CubaDefaultXmlWebApplicationContext - Refreshing WebApplicationContext for namespace 'remoting-servlet': startup date [Mon Apr 03 10:14:16 IST 2017]; parent: com.haulmont.cuba.core.sys.CubaCoreApplicationContext@56e14612
2017-04-03 10:14:16.606 INFO  [localhost-startStop-1] com.haulmont.cuba.core.sys.remoting.RemoteServicesBeanCreator - Configuring remote services
2017-04-03 10:14:18.473 INFO  [localhost-startStop-1] com.haulmont.cuba.core.sys.remoting.RemotingServlet - FrameworkServlet 'remoting': initialization completed in 1991 ms
2017-04-03 10:14:19.496 INFO  [localhost-startStop-1] com.haulmont.cuba.core.sys.AppComponents - Using app components: [com.haulmont.cuba]
2017-04-03 10:14:19.509 INFO  [localhost-startStop-1] com.haulmont.cuba.web.sys.WebAppContextLoader - Loading app properties from classpath:cuba-web-app.properties
2017-04-03 10:14:19.521 INFO  [localhost-startStop-1] com.haulmont.cuba.web.sys.WebAppContextLoader - Loading app properties from classpath:com/company/ams/web-app.properties
2017-04-03 10:14:19.550 INFO  [localhost-startStop-1] com.haulmont.cuba.core.sys.CubaClassPathXmlApplicationContext - Refreshing com.haulmont.cuba.core.sys.CubaClassPathXmlApplicationContext@570201a7: startup date [Mon Apr 03 10:14:19 IST 2017]; root of context hierarchy
2017-04-03 10:14:22.650 INFO  [localhost-startStop-1] com.haulmont.cuba.web.sys.remoting.WebRemoteProxyBeanCreator - Configuring proxy beans for local service invocations: [cuba_LoginService, cuba_ServerInfoService, cuba_UserSettingService, cuba_UserManagementService, cuba_DataService, cuba_ConfigStorageService, cuba_PersistenceManagerService, cuba_LockService, cuba_UserSessionService, cuba_FoldersService, cuba_EmailService, cuba_FileStorageService, cuba_EntitySnapshotService, cuba_UniqueNumbersService, cuba_LocalizedMessageService, cuba_ResourceService, cuba_ScheduledTasksService, cuba_EntityLogService, cuba_TestingService, cuba_ObjectsCacheManagerService, cuba_DomainDescriptionService, cuba_RelatedEntitiesService, cuba_EntitySqlGenerationService, cuba_NumberIdService, cuba_QueryResultsService, cuba_DynamicAttributesCacheService, cuba_EntityRestoreService, cuba_LocalFileExchangeService, cuba_EntityImportExportService, cuba_ScreenProfilerService, cuba_ServerTokenStore, cuba_IdpService]
2017-04-03 10:14:22.657 INFO  [localhost-startStop-1] com.haulmont.cuba.web.sys.remoting.WebRemoteProxyBeanCreator - Configuring proxy beans for local service invocations: [ams_NewService]
2017-04-03 10:14:23.350 INFO  [localhost-startStop-1] com.haulmont.chile.core.datatypes.Datatypes - Can't find /datatypes.xml, using default datatypes settings
2017-04-03 10:14:25.524 INFO  [localhost-startStop-1] com.haulmont.cuba.core.sys.CubaThreadPoolTaskScheduler - Initializing ExecutorService  'scheduler'
2017-04-03 10:14:27.174 INFO  [localhost-startStop-1] com.haulmont.cuba.core.sys.jmx.MBeanExporter - Registering beans for JMX exposure: [app.cuba:type=ConfigStorage, app.cuba:type=CachingFacade, app.cuba:type=FileUploading, app.cuba:type=JmxNodeIdentifier, app.cuba:type=JmxLogControl, app.cuba:type=ClassLoaderManager, app.cuba:type=StatisticsCounter]
2017-04-03 10:14:27.229 INFO  [localhost-startStop-1] com.haulmont.cuba.web.sys.WebAppContextLoader - AppContext initialized
2017-04-03 10:14:27.276 INFO  [localhost-startStop-1] com.haulmont.cuba.web.sys.CubaDispatcherServlet - FrameworkServlet 'dispatcher': initialization started
2017-04-03 10:14:27.281 INFO  [localhost-startStop-1] com.haulmont.cuba.core.sys.CubaXmlWebApplicationContext - Refreshing WebApplicationContext for namespace 'dispatcher-servlet': startup date [Mon Apr 03 10:14:27 IST 2017]; parent: com.haulmont.cuba.core.sys.CubaClassPathXmlApplicationContext@570201a7
2017-04-03 10:14:30.157 INFO  [localhost-startStop-1] com.haulmont.cuba.web.sys.CubaDispatcherServlet - FrameworkServlet 'dispatcher': initialization completed in 2880 ms
2017-04-03 10:14:30.163 INFO  [localhost-startStop-1] com.haulmont.restapi.sys.CubaRestApiServlet - FrameworkServlet 'rest_api': initialization started
2017-04-03 10:14:30.166 INFO  [localhost-startStop-1] com.haulmont.cuba.core.sys.CubaXmlWebApplicationContext - Refreshing WebApplicationContext for namespace 'rest_api-servlet': startup date [Mon Apr 03 10:14:30 IST 2017]; parent: com.haulmont.cuba.core.sys.CubaClassPathXmlApplicationContext@570201a7
2017-04-03 10:14:34.811 INFO  [localhost-startStop-1] com.haulmont.restapi.sys.CubaRestApiServlet - FrameworkServlet 'rest_api': initialization completed in 4647 ms
2017-04-03 10:14:37.089 DEBUG [http-nio-8080-exec-45] com.haulmont.cuba.gui.theme.ThemeConstantsRepository - Loading theme constants
2017-04-03 10:14:37.190 DEBUG [http-nio-8080-exec-45] com.haulmont.cuba.web.App - Initializing application
2017-04-03 10:14:37.621 DEBUG [http-nio-8080-exec-45/app/anonymous] com.haulmont.cuba.web.DefaultApp - connectionStateChanged connected: true, authenticated: false
2017-04-03 10:14:37.622 DEBUG [http-nio-8080-exec-45/app/anonymous] com.haulmont.cuba.web.App - Closing all windows
2017-04-03 10:14:37.678 INFO  [http-nio-8080-exec-45/app/anonymous] com.haulmont.cuba.core.sys.MetadataImpl - Initializing metadata
2017-04-03 10:14:38.318 INFO  [http-nio-8080-exec-45/app/anonymous] com.haulmont.cuba.core.sys.MetadataImpl - Metadata initialized in 636ms
2017-04-03 10:14:39.572 DEBUG [http-nio-8080-exec-45/app/anonymous] com.haulmont.cuba.web.AbstractConnection - Logged in: user=anonymous, ip=127.0.0.1, clientInfo=Web (localhost:8080/app) Mozilla/5.0 (X11; Linux x86_64) AppleWebKit/537.36 (KHTML, like Gecko) Chrome/57.0.2987.110 Safari/537.36
2017-04-03 10:14:43.123 INFO  [http-nio-8080-exec-17/app-core/anonymous] com.haulmont.cuba.security.app.LoginWorkerBean - Logged in: 37c5d373-6585-90de-3f33-cb350517c484 [admin]
2017-04-03 10:14:43.175 DEBUG [http-nio-8080-exec-17/app/admin] com.haulmont.cuba.web.DefaultApp - connectionStateChanged connected: true, authenticated: true
2017-04-03 10:14:43.177 DEBUG [http-nio-8080-exec-17/app/admin] com.haulmont.cuba.web.App - Closing all windows
2017-04-03 10:14:43.199 DEBUG [http-nio-8080-exec-17/app/admin] com.haulmont.cuba.web.DefaultApp - Session reinitialized: HttpSession=org.apache.catalina.session.StandardSessionFacade@9748fb9, timeout=1800sec, UserSession=37c5d373-6585-90de-3f33-cb350517c484 [admin]
2017-04-03 10:14:43.794 INFO  [http-nio-8080-exec-17/app/admin] com.haulmont.cuba.client.sys.ViewRepositoryClientImpl - Initializing views
2017-04-03 10:14:43.799 DEBUG [http-nio-8080-exec-17/app/admin] com.haulmont.cuba.client.sys.ViewRepositoryClientImpl - Deploying views config: cuba-views.xml
2017-04-03 10:14:43.816 DEBUG [http-nio-8080-exec-17/app/admin] com.haulmont.cuba.client.sys.ViewRepositoryClientImpl - Deploying views config: com/company/ams/views.xml
2017-04-03 10:14:43.903 DEBUG [http-nio-8080-exec-17/app-core/admin] com.haulmont.cuba.core.app.StoreFactory - No implementation is specified for _MAIN_ store, using RdbmsStore
2017-04-03 10:14:44.146 DEBUG [http-nio-8080-exec-17/app-core/admin] com.haulmont.cuba.core.app.RdbmsStore - loadList: metaClass=sec$UserSubstitution, view=com.haulmont.cuba.security.entity.UserSubstitution/app, query=select us from sec$UserSubstitution us where us.user.id = :userId and (us.endDate is null or us.endDate >= :currentDate) and (us.startDate is null or us.startDate <= :currentDate) and (us.substitutedUser.active = true or us.substitutedUser.active is null) order by us.substitutedUser.name
2017-04-03 10:14:44.891 DEBUG [http-nio-8080-exec-17/app-core/admin] com.haulmont.cuba.core.app.FoldersServiceBean - Loading AppFolders
2017-04-03 10:14:44.985 DEBUG [http-nio-8080-exec-17/app-core/admin] com.haulmont.cuba.core.app.FoldersServiceBean - Loading SearchFolders
2017-04-03 10:14:45.435 DEBUG [http-nio-8080-exec-17/app/admin] com.haulmont.cuba.web.AbstractConnection - Logged in: user=admin, ip=127.0.0.1, clientInfo=Web (localhost:8080/app) Mozilla/5.0 (X11; Linux x86_64) AppleWebKit/537.36 (KHTML, like Gecko) Chrome/57.0.2987.110 Safari/537.36
2017-04-03 10:14:53.782 DEBUG [http-nio-8080-exec-32/app/admin] com.haulmont.cuba.web.App - Closing all windows
2017-04-03 10:14:53.782 DEBUG [http-nio-8080-exec-32/app-core/admin] com.haulmont.cuba.security.app.UserSessions - Removed session: 37c5d373-6585-90de-3f33-cb350517c484 [admin], since: Mon Apr 03 10:14:43 IST 2017, lastUsed: Mon Apr 03 10:14:53 IST 2017
2017-04-03 10:14:53.783 INFO  [http-nio-8080-exec-32/app-core/admin] com.haulmont.cuba.security.app.LoginWorkerBean - Logged out: 37c5d373-6585-90de-3f33-cb350517c484 [admin]
2017-04-03 10:14:53.784 DEBUG [http-nio-8080-exec-32] com.haulmont.cuba.web.DefaultApp - connectionStateChanged connected: false, authenticated: false
2017-04-03 10:14:53.784 DEBUG [http-nio-8080-exec-32] com.haulmont.cuba.web.App - Closing all windows
2017-04-03 10:14:53.804 DEBUG [http-nio-8080-exec-32/app/anonymous] com.haulmont.cuba.web.DefaultApp - connectionStateChanged connected: true, authenticated: false
2017-04-03 10:14:53.804 DEBUG [http-nio-8080-exec-32/app/anonymous] com.haulmont.cuba.web.App - Closing all windows
2017-04-03 10:14:53.829 DEBUG [http-nio-8080-exec-32/app/anonymous] com.haulmont.cuba.web.AbstractConnection - Logged in: user=anonymous, ip=127.0.0.1, clientInfo=Web (localhost:8080/app) Mozilla/5.0 (X11; Linux x86_64) AppleWebKit/537.36 (KHTML, like Gecko) Chrome/57.0.2987.110 Safari/537.36
2017-04-03 10:15:04.775 INFO  [http-nio-8080-exec-13/app-core/anonymous] com.haulmont.cuba.security.app.LoginWorkerBean - Logged in: b1837535-cde7-b0e3-231d-562df3ee14fb [Elango]
2017-04-03 10:15:04.797 DEBUG [http-nio-8080-exec-13/app/Elango] com.haulmont.cuba.web.DefaultApp - connectionStateChanged connected: true, authenticated: true
2017-04-03 10:15:04.797 DEBUG [http-nio-8080-exec-13/app/Elango] com.haulmont.cuba.web.App - Closing all windows
2017-04-03 10:15:04.800 DEBUG [http-nio-8080-exec-13/app/Elango] com.haulmont.cuba.web.DefaultApp - Session reinitialized: HttpSession=org.apache.catalina.session.StandardSessionFacade@4ddc329e, timeout=1800sec, UserSession=b1837535-cde7-b0e3-231d-562df3ee14fb [Elango]
2017-04-03 10:15:04.887 DEBUG [http-nio-8080-exec-13/app-core/Elango] com.haulmont.cuba.core.app.RdbmsStore - loadList: metaClass=sec$UserSubstitution, view=com.haulmont.cuba.security.entity.UserSubstitution/app, query=select us from sec$UserSubstitution us where us.user.id = :userId and (us.endDate is null or us.endDate >= :currentDate) and (us.startDate is null or us.startDate <= :currentDate) and (us.substitutedUser.active = true or us.substitutedUser.active is null) order by us.substitutedUser.name
2017-04-03 10:15:04.942 DEBUG [http-nio-8080-exec-13/app-core/Elango] com.haulmont.cuba.core.app.FoldersServiceBean - Loading AppFolders
2017-04-03 10:15:04.980 DEBUG [http-nio-8080-exec-13/app-core/Elango] com.haulmont.cuba.core.app.FoldersServiceBean - Loading SearchFolders
2017-04-03 10:15:05.067 DEBUG [http-nio-8080-exec-13/app/Elango] com.haulmont.cuba.web.AbstractConnection - Logged in: user=Elango, ip=127.0.0.1, clientInfo=Web (localhost:8080/app) Mozilla/5.0 (X11; Linux x86_64) AppleWebKit/537.36 (KHTML, like Gecko) Chrome/57.0.2987.110 Safari/537.36
2017-04-03 10:15:09.555 INFO  [http-nio-8080-exec-3/app-core/Elango] com.haulmont.cuba.core.app.PersistenceManager - Loading statistics cache
2017-04-03 10:15:09.681 INFO  [http-nio-8080-exec-3/app-core/Elango] com.haulmont.cuba.core.sys.ViewRepositoryImpl - Initializing views
2017-04-03 10:15:09.859 WARN  [http-nio-8080-exec-3/app/Elango] com.haulmont.cuba.gui.ControllerDependencyInjector - CDI - Unable to find an instance of type 'interface com.haulmont.cuba.gui.components.Table' named 'assetsTable' for instance of 'com.company.ams.web.requestasset.RequestAssetBrowse'
2017-04-03 10:15:10.745 DEBUG [http-nio-8080-exec-3/app-core/Elango] com.haulmont.cuba.core.app.RdbmsStore - loadList: metaClass=ams$Asset, view=com.company.ams.entity.Asset/_minimal, query=select b from ams$Asset b order by b.name, max=10000
2017-04-03 10:15:11.031 DEBUG [http-nio-8080-exec-3/app-core/Elango] com.haulmont.cuba.core.app.RdbmsStore - loadList: metaClass=ams$NewAsset, view=com.company.ams.entity.NewAsset/_minimal, query=select p from ams$NewAsset p where p.name.id = :component_assetField_id order by p.name.name, max=10000
2017-04-03 10:15:15.836 DEBUG [http-nio-8080-exec-53/app-core/Elango] com.haulmont.cuba.core.app.RdbmsStore - loadList: metaClass=sec$Filter, view=com.haulmont.cuba.security.entity.FilterEntity/app, query=select f from sec$Filter f left join f.user u where f.componentId = :component and (u.id = :userId or u is null) order by f.name
2017-04-03 10:15:15.936 DEBUG [http-nio-8080-exec-53/app-core/Elango] com.haulmont.cuba.core.app.RdbmsStore - loadList: metaClass=ams$NewAsset, view=com.company.ams.entity.NewAsset/newAsset-view, query=select e from ams$NewAsset e, max=50
2017-04-03 10:15:17.385 INFO  [ClientCacheManager-pool-3-thread-1] com.haulmont.cuba.security.app.LoginWorkerBean - Logged in: 3393504d-588e-8049-2527-dec1fd8208cb [admin]
2017-04-03 10:15:19.169 DEBUG [http-nio-8080-exec-36/app-core/Elango] com.haulmont.cuba.core.app.RdbmsStore - load: metaClass=ams$NewAsset, id=11f24b99-7099-9e20-750a-9acda9953ba1, view=com.company.ams.entity.NewAsset/newAsset-view
2017-04-03 10:15:22.879 DEBUG [http-nio-8080-exec-27/app-core/Elango] com.haulmont.cuba.security.app.EntityLog - Loading entities
2017-04-03 10:15:22.890 DEBUG [http-nio-8080-exec-27/app-core/Elango] com.haulmont.cuba.security.app.EntityLog - Loaded: entitiesAuto=0, entitiesManual=0
2017-04-03 10:15:24.997 WARN  [http-nio-8080-exec-19/app/Elango] com.haulmont.cuba.gui.components.WindowDelegate - Names of some HasSettings components clashed, set Id for component explicitly, name=WebGroupBox
2017-04-03 10:15:24.998 WARN  [http-nio-8080-exec-19/app/Elango] com.haulmont.cuba.gui.components.WindowDelegate - Names of some HasSettings components clashed, set Id for component explicitly, name=WebGroupBox
2017-04-03 10:15:27.615 DEBUG [http-nio-8080-exec-49/app-core/Elango] com.haulmont.cuba.core.app.RdbmsStore - loadList: metaClass=sec$Filter, view=com.haulmont.cuba.security.entity.FilterEntity/app, query=select f from sec$Filter f left join f.user u where f.componentId = :component and (u.id = :userId or u is null) order by f.name
2017-04-03 10:15:27.706 DEBUG [http-nio-8080-exec-49/app-core/Elango] com.haulmont.cuba.core.app.RdbmsStore - loadList: metaClass=ams$NewAsset, view=com.company.ams.entity.NewAsset/newAsset-view, query=select e from ams$NewAsset e, max=50
2017-04-03 10:15:37.945 DEBUG [http-nio-8080-exec-23/app-core/Elango] com.haulmont.cuba.core.app.RdbmsStore - load: metaClass=ams$NewAsset, id=11f24b99-7099-9e20-750a-9acda9953ba1, view=com.company.ams.entity.NewAsset/newAsset-view
2017-04-03 10:15:52.377 WARN  [http-nio-8080-exec-29/app/Elango] com.haulmont.cuba.gui.ControllerDependencyInjector - CDI - Unable to find an instance of type 'interface com.haulmont.cuba.gui.components.Table' named 'assetsTable' for instance of 'com.company.ams.web.requestasset.RequestAssetBrowse'
2017-04-03 10:15:52.393 DEBUG [http-nio-8080-exec-29/app-core/Elango] com.haulmont.cuba.core.app.RdbmsStore - loadList: metaClass=ams$Asset, view=com.company.ams.entity.Asset/_minimal, query=select b from ams$Asset b order by b.name, max=10000
2017-04-03 10:15:52.443 DEBUG [http-nio-8080-exec-29/app-core/Elango] com.haulmont.cuba.core.app.RdbmsStore - loadList: metaClass=ams$NewAsset, view=com.company.ams.entity.NewAsset/_minimal, query=select p from ams$NewAsset p where p.name.id = :component_assetField_id order by p.name.name, max=10000
2017-04-03 10:15:56.712 DEBUG [http-nio-8080-exec-18/app-core/Elango] com.haulmont.cuba.core.app.RdbmsStore - loadList: metaClass=ams$NewAsset, view=com.company.ams.entity.NewAsset/_minimal, query=select p from ams$NewAsset p where p.name.id = :component_assetField_id order by p.name.name, max=10000
2017-04-03 10:16:20.729 WARN  [http-nio-8080-exec-24/app/Elango] com.haulmont.cuba.gui.components.WindowDelegate - Names of some HasSettings components clashed, set Id for component explicitly, name=WebGroupBox
2017-04-03 10:16:20.730 WARN  [http-nio-8080-exec-24/app/Elango] com.haulmont.cuba.gui.components.WindowDelegate - Names of some HasSettings components clashed, set Id for component explicitly, name=WebGroupBox
2017-04-03 10:16:20.743 DEBUG [http-nio-8080-exec-24/app/Elango] com.haulmont.cuba.web.App - Closing all windows
2017-04-03 10:16:20.756 DEBUG [http-nio-8080-exec-24/app-core/Elango] com.haulmont.cuba.security.app.UserSessions - Removed session: b1837535-cde7-b0e3-231d-562df3ee14fb [Elango], since: Mon Apr 03 10:15:04 IST 2017, lastUsed: Mon Apr 03 10:16:20 IST 2017
2017-04-03 10:16:20.756 INFO  [http-nio-8080-exec-24/app-core/Elango] com.haulmont.cuba.security.app.LoginWorkerBean - Logged out: b1837535-cde7-b0e3-231d-562df3ee14fb [Elango]
2017-04-03 10:16:20.757 DEBUG [http-nio-8080-exec-24] com.haulmont.cuba.web.DefaultApp - connectionStateChanged connected: false, authenticated: false
2017-04-03 10:16:20.757 DEBUG [http-nio-8080-exec-24] com.haulmont.cuba.web.App - Closing all windows
2017-04-03 10:16:20.762 DEBUG [http-nio-8080-exec-24/app/anonymous] com.haulmont.cuba.web.DefaultApp - connectionStateChanged connected: true, authenticated: false
2017-04-03 10:16:20.762 DEBUG [http-nio-8080-exec-24/app/anonymous] com.haulmont.cuba.web.App - Closing all windows
2017-04-03 10:16:20.779 DEBUG [http-nio-8080-exec-24/app/anonymous] com.haulmont.cuba.web.AbstractConnection - Logged in: user=anonymous, ip=127.0.0.1, clientInfo=Web (localhost:8080/app) Mozilla/5.0 (X11; Linux x86_64) AppleWebKit/537.36 (KHTML, like Gecko) Chrome/57.0.2987.110 Safari/537.36
2017-04-03 10:16:22.490 INFO  [http-nio-8080-exec-55/app-core/anonymous] com.haulmont.cuba.security.app.LoginWorkerBean - Logged in: 1e7127ad-4d4d-5fb4-17d3-df7fc07a599d [admin]
2017-04-03 10:16:22.498 DEBUG [http-nio-8080-exec-55/app/admin] com.haulmont.cuba.web.DefaultApp - connectionStateChanged connected: true, authenticated: true
2017-04-03 10:16:22.498 DEBUG [http-nio-8080-exec-55/app/admin] com.haulmont.cuba.web.App - Closing all windows
2017-04-03 10:16:22.500 DEBUG [http-nio-8080-exec-55/app/admin] com.haulmont.cuba.web.DefaultApp - Session reinitialized: HttpSession=org.apache.catalina.session.StandardSessionFacade@1f60ab8a, timeout=1800sec, UserSession=1e7127ad-4d4d-5fb4-17d3-df7fc07a599d [admin]
2017-04-03 10:16:22.556 DEBUG [http-nio-8080-exec-55/app-core/admin] com.haulmont.cuba.core.app.RdbmsStore - loadList: metaClass=sec$UserSubstitution, view=com.haulmont.cuba.security.entity.UserSubstitution/app, query=select us from sec$UserSubstitution us where us.user.id = :userId and (us.endDate is null or us.endDate >= :currentDate) and (us.startDate is null or us.startDate <= :currentDate) and (us.substitutedUser.active = true or us.substitutedUser.active is null) order by us.substitutedUser.name
2017-04-03 10:16:22.614 DEBUG [http-nio-8080-exec-55/app-core/admin] com.haulmont.cuba.core.app.FoldersServiceBean - Loading AppFolders
2017-04-03 10:16:22.633 DEBUG [http-nio-8080-exec-55/app-core/admin] com.haulmont.cuba.core.app.FoldersServiceBean - Loading SearchFolders
2017-04-03 10:16:22.678 DEBUG [http-nio-8080-exec-55/app/admin] com.haulmont.cuba.web.AbstractConnection - Logged in: user=admin, ip=127.0.0.1, clientInfo=Web (localhost:8080/app) Mozilla/5.0 (X11; Linux x86_64) AppleWebKit/537.36 (KHTML, like Gecko) Chrome/57.0.2987.110 Safari/537.36
2017-04-03 10:16:27.418 DEBUG [http-nio-8080-exec-30/app-core/admin] com.haulmont.cuba.core.app.RdbmsStore - loadList: metaClass=sec$Role, view=com.haulmont.cuba.security.entity.Role/_local, query=select r from sec$Role r order by r.name, max=10000
2017-04-03 10:16:39.654 DEBUG [http-nio-8080-exec-18/app-core/admin] com.haulmont.cuba.core.app.RdbmsStore - load: metaClass=sec$Role, id=94cef3d4-b945-ce32-1614-d0639edc50c1, view=com.haulmont.cuba.security.entity.Role/_local
2017-04-03 10:16:39.704 DEBUG [http-nio-8080-exec-18/app-core/admin] com.haulmont.cuba.core.app.RdbmsStore - loadList: metaClass=sec$Permission, view=com.haulmont.cuba.security.entity.Permission/role.edit, query=select p from sec$Permission p where p.role.id = :ds_roleDs and p.type = 10, max=10000
2017-04-03 10:16:44.709 DEBUG [http-nio-8080-exec-45/app-core/admin] com.haulmont.cuba.core.app.RdbmsStore - loadList: metaClass=sec$Permission, view=com.haulmont.cuba.security.entity.Permission/role.edit, query=select p from sec$Permission p where p.role.id = :ds_roleDs and p.type = 20, max=10000
2017-04-03 10:17:06.170 DEBUG [http-nio-8080-exec-55/app-core/admin] com.haulmont.cuba.core.app.RdbmsStore - loadList: metaClass=sec$Permission, view=com.haulmont.cuba.security.entity.Permission/role.edit, query=select p from sec$Permission p where p.role.id = :ds_roleDs and p.type = 30, max=10000
2017-04-03 10:18:42.876 DEBUG [http-nio-8080-exec-32/app-core/admin] com.haulmont.cuba.core.app.RdbmsStore - commit: commitInstances=[com.haulmont.cuba.security.entity.Permission-f08df850-99bd-de79-bdd8-6c702d368166 [new], com.haulmont.cuba.security.entity.Permission-9a88eedf-2817-925f-d09a-325a38ff1164 [new], com.haulmont.cuba.security.entity.Permission-cb0860c9-3f9c-ec2b-b41b-ae8ff33cfef9 [new], com.haulmont.cuba.security.entity.Permission-16a5ec4a-a82b-b2a6-d994-237b559f7acb [new], com.haulmont.cuba.security.entity.Permission-debf12f0-cbc9-e6cf-fe99-73db0be73055 [new]], removeInstances=[]
2017-04-03 10:18:43.010 DEBUG [http-nio-8080-exec-32/app-core/admin] com.haulmont.cuba.core.app.RdbmsStore - commit: commitInstances=[com.haulmont.cuba.security.entity.ScreenHistoryEntity-774ce99c-0435-e4a9-ab3c-4f62df8ba275 [new]], removeInstances=[]
2017-04-03 10:18:44.901 DEBUG [http-nio-8080-exec-23/app/admin] com.haulmont.cuba.web.App - Closing all windows
2017-04-03 10:18:44.902 DEBUG [http-nio-8080-exec-23/app-core/admin] com.haulmont.cuba.security.app.UserSessions - Removed session: 1e7127ad-4d4d-5fb4-17d3-df7fc07a599d [admin], since: Mon Apr 03 10:16:22 IST 2017, lastUsed: Mon Apr 03 10:18:42 IST 2017
2017-04-03 10:18:44.903 INFO  [http-nio-8080-exec-23/app-core/admin] com.haulmont.cuba.security.app.LoginWorkerBean - Logged out: 1e7127ad-4d4d-5fb4-17d3-df7fc07a599d [admin]
2017-04-03 10:18:44.903 DEBUG [http-nio-8080-exec-23] com.haulmont.cuba.web.DefaultApp - connectionStateChanged connected: false, authenticated: false
2017-04-03 10:18:44.903 DEBUG [http-nio-8080-exec-23] com.haulmont.cuba.web.App - Closing all windows
2017-04-03 10:18:44.908 DEBUG [http-nio-8080-exec-23/app/anonymous] com.haulmont.cuba.web.DefaultApp - connectionStateChanged connected: true, authenticated: false
2017-04-03 10:18:44.909 DEBUG [http-nio-8080-exec-23/app/anonymous] com.haulmont.cuba.web.App - Closing all windows
2017-04-03 10:18:44.940 DEBUG [http-nio-8080-exec-23/app/anonymous] com.haulmont.cuba.web.AbstractConnection - Logged in: user=anonymous, ip=127.0.0.1, clientInfo=Web (localhost:8080/app) Mozilla/5.0 (X11; Linux x86_64) AppleWebKit/537.36 (KHTML, like Gecko) Chrome/57.0.2987.110 Safari/537.36
2017-04-03 10:18:53.057 INFO  [http-nio-8080-exec-35/app-core/anonymous] com.haulmont.cuba.security.app.LoginWorkerBean - Logged in: 43e70606-c380-5077-629c-fc7d5d93b3de [Elango]
2017-04-03 10:18:53.063 DEBUG [http-nio-8080-exec-35/app/Elango] com.haulmont.cuba.web.DefaultApp - connectionStateChanged connected: true, authenticated: true
2017-04-03 10:18:53.063 DEBUG [http-nio-8080-exec-35/app/Elango] com.haulmont.cuba.web.App - Closing all windows
2017-04-03 10:18:53.065 DEBUG [http-nio-8080-exec-35/app/Elango] com.haulmont.cuba.web.DefaultApp - Session reinitialized: HttpSession=org.apache.catalina.session.StandardSessionFacade@69ff8428, timeout=1800sec, UserSession=43e70606-c380-5077-629c-fc7d5d93b3de [Elango]
2017-04-03 10:18:53.108 DEBUG [http-nio-8080-exec-35/app-core/Elango] com.haulmont.cuba.core.app.RdbmsStore - loadList: metaClass=sec$UserSubstitution, view=com.haulmont.cuba.security.entity.UserSubstitution/app, query=select us from sec$UserSubstitution us where us.user.id = :userId and (us.endDate is null or us.endDate >= :currentDate) and (us.startDate is null or us.startDate <= :currentDate) and (us.substitutedUser.active = true or us.substitutedUser.active is null) order by us.substitutedUser.name
2017-04-03 10:18:53.151 DEBUG [http-nio-8080-exec-35/app-core/Elango] com.haulmont.cuba.core.app.FoldersServiceBean - Loading AppFolders
2017-04-03 10:18:53.167 DEBUG [http-nio-8080-exec-35/app-core/Elango] com.haulmont.cuba.core.app.FoldersServiceBean - Loading SearchFolders
2017-04-03 10:18:53.206 DEBUG [http-nio-8080-exec-35/app/Elango] com.haulmont.cuba.web.AbstractConnection - Logged in: user=Elango, ip=127.0.0.1, clientInfo=Web (localhost:8080/app) Mozilla/5.0 (X11; Linux x86_64) AppleWebKit/537.36 (KHTML, like Gecko) Chrome/57.0.2987.110 Safari/537.36
2017-04-03 10:18:56.570 DEBUG [http-nio-8080-exec-29/app-core/Elango] com.haulmont.cuba.core.app.RdbmsStore - loadList: metaClass=sec$Filter, view=com.haulmont.cuba.security.entity.FilterEntity/app, query=select f from sec$Filter f left join f.user u where f.componentId = :component and (u.id = :userId or u is null) order by f.name
2017-04-03 10:18:56.620 DEBUG [http-nio-8080-exec-29/app-core/Elango] com.haulmont.cuba.core.app.RdbmsStore - loadList: metaClass=ams$NewAsset, view=com.company.ams.entity.NewAsset/newAsset-view, query=select e from ams$NewAsset e, max=50
2017-04-03 10:18:59.833 DEBUG [http-nio-8080-exec-18/app-core/Elango] com.haulmont.cuba.core.app.RdbmsStore - load: metaClass=ams$NewAsset, id=11f24b99-7099-9e20-750a-9acda9953ba1, view=com.company.ams.entity.NewAsset/newAsset-view
2017-04-03 10:19:05.999 WARN  [http-nio-8080-exec-14/app/Elango] com.haulmont.cuba.gui.ControllerDependencyInjector - CDI - Unable to find an instance of type 'interface com.haulmont.cuba.gui.components.Table' named 'assetsTable' for instance of 'com.company.ams.web.requestasset.RequestAssetBrowse'
2017-04-03 10:19:06.028 DEBUG [http-nio-8080-exec-14/app-core/Elango] com.haulmont.cuba.core.app.RdbmsStore - loadList: metaClass=ams$Asset, view=com.company.ams.entity.Asset/_minimal, query=select b from ams$Asset b order by b.name, max=10000
2017-04-03 10:19:06.069 DEBUG [http-nio-8080-exec-14/app-core/Elango] com.haulmont.cuba.core.app.RdbmsStore - loadList: metaClass=ams$NewAsset, view=com.company.ams.entity.NewAsset/_minimal, query=select p from ams$NewAsset p where p.name.id = :component_assetField_id order by p.name.name, max=10000
2017-04-03 10:19:10.528 DEBUG [http-nio-8080-exec-39/app-core/Elango] com.haulmont.cuba.core.app.RdbmsStore - loadList: metaClass=ams$NewAsset, view=com.company.ams.entity.NewAsset/_minimal, query=select p from ams$NewAsset p where p.name.id = :component_assetField_id order by p.name.name, max=10000
2017-04-03 10:19:17.140 ERROR [http-nio-8080-exec-16/app-core/Elango] com.haulmont.cuba.core.sys.ServiceInterceptor - Exception in NewService.createInstances(..): com.haulmont.cuba.core.global.AccessDeniedException: ENTITY_OP Instance
2017-04-03 10:19:17.193 ERROR [http-nio-8080-exec-16/app/Elango] com.haulmont.cuba.web.log.AppLog - Exception in com.haulmont.cuba.web.toolkit.ui.CubaButton: com.haulmont.cuba.core.global.AccessDeniedException: ENTITY_OP Instance
2017-04-03 10:19:30.012 WARN  [http-nio-8080-exec-52/app/Elango] com.haulmont.cuba.gui.components.WindowDelegate - Names of some HasSettings components clashed, set Id for component explicitly, name=WebGroupBox
2017-04-03 10:19:30.012 WARN  [http-nio-8080-exec-52/app/Elango] com.haulmont.cuba.gui.components.WindowDelegate - Names of some HasSettings components clashed, set Id for component explicitly, name=WebGroupBox
2017-04-03 10:19:30.025 DEBUG [http-nio-8080-exec-52/app/Elango] com.haulmont.cuba.web.App - Closing all windows
2017-04-03 10:19:30.027 DEBUG [http-nio-8080-exec-52/app-core/Elango] com.haulmont.cuba.security.app.UserSessions - Removed session: 43e70606-c380-5077-629c-fc7d5d93b3de [Elango], since: Mon Apr 03 10:18:53 IST 2017, lastUsed: Mon Apr 03 10:19:30 IST 2017
2017-04-03 10:19:30.027 INFO  [http-nio-8080-exec-52/app-core/Elango] com.haulmont.cuba.security.app.LoginWorkerBean - Logged out: 43e70606-c380-5077-629c-fc7d5d93b3de [Elango]
2017-04-03 10:19:30.028 DEBUG [http-nio-8080-exec-52] com.haulmont.cuba.web.DefaultApp - connectionStateChanged connected: false, authenticated: false
2017-04-03 10:19:30.028 DEBUG [http-nio-8080-exec-52] com.haulmont.cuba.web.App - Closing all windows
2017-04-03 10:19:30.035 DEBUG [http-nio-8080-exec-52/app/anonymous] com.haulmont.cuba.web.DefaultApp - connectionStateChanged connected: true, authenticated: false
2017-04-03 10:19:30.036 DEBUG [http-nio-8080-exec-52/app/anonymous] com.haulmont.cuba.web.App - Closing all windows
2017-04-03 10:19:30.073 DEBUG [http-nio-8080-exec-52/app/anonymous] com.haulmont.cuba.web.AbstractConnection - Logged in: user=anonymous, ip=127.0.0.1, clientInfo=Web (localhost:8080/app) Mozilla/5.0 (X11; Linux x86_64) AppleWebKit/537.36 (KHTML, like Gecko) Chrome/57.0.2987.110 Safari/537.36
2017-04-03 10:19:33.135 INFO  [http-nio-8080-exec-13/app-core/anonymous] com.haulmont.cuba.security.app.LoginWorkerBean - Logged in: 0fccac91-1dfd-4fd4-0b58-55b091b26a3d [admin]
2017-04-03 10:19:33.143 DEBUG [http-nio-8080-exec-13/app/admin] com.haulmont.cuba.web.DefaultApp - connectionStateChanged connected: true, authenticated: true
2017-04-03 10:19:33.143 DEBUG [http-nio-8080-exec-13/app/admin] com.haulmont.cuba.web.App - Closing all windows
2017-04-03 10:19:33.144 DEBUG [http-nio-8080-exec-13/app/admin] com.haulmont.cuba.web.DefaultApp - Session reinitialized: HttpSession=org.apache.catalina.session.StandardSessionFacade@d1912b, timeout=1800sec, UserSession=0fccac91-1dfd-4fd4-0b58-55b091b26a3d [admin]
2017-04-03 10:19:33.210 DEBUG [http-nio-8080-exec-13/app-core/admin] com.haulmont.cuba.core.app.RdbmsStore - loadList: metaClass=sec$UserSubstitution, view=com.haulmont.cuba.security.entity.UserSubstitution/app, query=select us from sec$UserSubstitution us where us.user.id = :userId and (us.endDate is null or us.endDate >= :currentDate) and (us.startDate is null or us.startDate <= :currentDate) and (us.substitutedUser.active = true or us.substitutedUser.active is null) order by us.substitutedUser.name
2017-04-03 10:19:33.265 DEBUG [http-nio-8080-exec-13/app-core/admin] com.haulmont.cuba.core.app.FoldersServiceBean - Loading AppFolders
2017-04-03 10:19:33.278 DEBUG [http-nio-8080-exec-13/app-core/admin] com.haulmont.cuba.core.app.FoldersServiceBean - Loading SearchFolders
2017-04-03 10:19:33.331 DEBUG [http-nio-8080-exec-13/app/admin] com.haulmont.cuba.web.AbstractConnection - Logged in: user=admin, ip=127.0.0.1, clientInfo=Web (localhost:8080/app) Mozilla/5.0 (X11; Linux x86_64) AppleWebKit/537.36 (KHTML, like Gecko) Chrome/57.0.2987.110 Safari/537.36
2017-04-03 10:19:36.500 DEBUG [http-nio-8080-exec-40/app-core/admin] com.haulmont.cuba.core.app.RdbmsStore - loadList: metaClass=sec$Role, view=com.haulmont.cuba.security.entity.Role/_local, query=select r from sec$Role r order by r.name, max=10000
2017-04-03 10:19:39.633 DEBUG [http-nio-8080-exec-4/app-core/admin] com.haulmont.cuba.core.app.RdbmsStore - load: metaClass=sec$Role, id=94cef3d4-b945-ce32-1614-d0639edc50c1, view=com.haulmont.cuba.security.entity.Role/_local
2017-04-03 10:19:39.660 DEBUG [http-nio-8080-exec-4/app-core/admin] com.haulmont.cuba.core.app.RdbmsStore - loadList: metaClass=sec$Permission, view=com.haulmont.cuba.security.entity.Permission/role.edit, query=select p from sec$Permission p where p.role.id = :ds_roleDs and p.type = 10, max=10000
2017-04-03 10:19:43.140 DEBUG [http-nio-8080-exec-54/app-core/admin] com.haulmont.cuba.core.app.RdbmsStore - loadList: metaClass=sec$Permission, view=com.haulmont.cuba.security.entity.Permission/role.edit, query=select p from sec$Permission p where p.role.id = :ds_roleDs and p.type = 20, max=10000
2017-04-03 10:19:55.697 DEBUG [http-nio-8080-exec-47/app-core/admin] com.haulmont.cuba.core.app.RdbmsStore - commit: commitInstances=[com.haulmont.cuba.security.entity.Permission-d4956940-5981-f8e4-19dc-2527b97d3a92 [new]], removeInstances=[]
2017-04-03 10:19:55.745 DEBUG [http-nio-8080-exec-47/app-core/admin] com.haulmont.cuba.core.app.RdbmsStore - commit: commitInstances=[com.haulmont.cuba.security.entity.ScreenHistoryEntity-30772d55-da1f-ed45-3695-e9bcec5aa21f [new]], removeInstances=[]
2017-04-03 10:19:59.187 DEBUG [http-nio-8080-exec-21/app/admin] com.haulmont.cuba.web.App - Closing all windows
2017-04-03 10:19:59.188 DEBUG [http-nio-8080-exec-21/app-core/admin] com.haulmont.cuba.security.app.UserSessions - Removed session: 0fccac91-1dfd-4fd4-0b58-55b091b26a3d [admin], since: Mon Apr 03 10:19:33 IST 2017, lastUsed: Mon Apr 03 10:19:55 IST 2017
2017-04-03 10:19:59.189 INFO  [http-nio-8080-exec-21/app-core/admin] com.haulmont.cuba.security.app.LoginWorkerBean - Logged out: 0fccac91-1dfd-4fd4-0b58-55b091b26a3d [admin]
2017-04-03 10:19:59.189 DEBUG [http-nio-8080-exec-21] com.haulmont.cuba.web.DefaultApp - connectionStateChanged connected: false, authenticated: false
2017-04-03 10:19:59.189 DEBUG [http-nio-8080-exec-21] com.haulmont.cuba.web.App - Closing all windows
2017-04-03 10:19:59.194 DEBUG [http-nio-8080-exec-21/app/anonymous] com.haulmont.cuba.web.DefaultApp - connectionStateChanged connected: true, authenticated: false
2017-04-03 10:19:59.194 DEBUG [http-nio-8080-exec-21/app/anonymous] com.haulmont.cuba.web.App - Closing all windows
2017-04-03 10:19:59.209 DEBUG [http-nio-8080-exec-21/app/anonymous] com.haulmont.cuba.web.AbstractConnection - Logged in: user=anonymous, ip=127.0.0.1, clientInfo=Web (localhost:8080/app) Mozilla/5.0 (X11; Linux x86_64) AppleWebKit/537.36 (KHTML, like Gecko) Chrome/57.0.2987.110 Safari/537.36
2017-04-03 10:20:07.184 INFO  [http-nio-8080-exec-2/app-core/anonymous] com.haulmont.cuba.security.app.LoginWorkerBean - Logged in: f1c79d6e-32c6-a580-e8e7-02a702c2f1a1 [Elango]
2017-04-03 10:20:07.190 DEBUG [http-nio-8080-exec-2/app/Elango] com.haulmont.cuba.web.DefaultApp - connectionStateChanged connected: true, authenticated: true
2017-04-03 10:20:07.191 DEBUG [http-nio-8080-exec-2/app/Elango] com.haulmont.cuba.web.App - Closing all windows
2017-04-03 10:20:07.192 DEBUG [http-nio-8080-exec-2/app/Elango] com.haulmont.cuba.web.DefaultApp - Session reinitialized: HttpSession=org.apache.catalina.session.StandardSessionFacade@36a1f760, timeout=1800sec, UserSession=f1c79d6e-32c6-a580-e8e7-02a702c2f1a1 [Elango]
2017-04-03 10:20:07.242 DEBUG [http-nio-8080-exec-2/app-core/Elango] com.haulmont.cuba.core.app.RdbmsStore - loadList: metaClass=sec$UserSubstitution, view=com.haulmont.cuba.security.entity.UserSubstitution/app, query=select us from sec$UserSubstitution us where us.user.id = :userId and (us.endDate is null or us.endDate >= :currentDate) and (us.startDate is null or us.startDate <= :currentDate) and (us.substitutedUser.active = true or us.substitutedUser.active is null) order by us.substitutedUser.name
2017-04-03 10:20:07.320 DEBUG [http-nio-8080-exec-2/app-core/Elango] com.haulmont.cuba.core.app.FoldersServiceBean - Loading AppFolders
2017-04-03 10:20:07.347 DEBUG [http-nio-8080-exec-2/app-core/Elango] com.haulmont.cuba.core.app.FoldersServiceBean - Loading SearchFolders
2017-04-03 10:20:07.428 DEBUG [http-nio-8080-exec-2/app/Elango] com.haulmont.cuba.web.AbstractConnection - Logged in: user=Elango, ip=127.0.0.1, clientInfo=Web (localhost:8080/app) Mozilla/5.0 (X11; Linux x86_64) AppleWebKit/537.36 (KHTML, like Gecko) Chrome/57.0.2987.110 Safari/537.36
2017-04-03 10:20:10.680 WARN  [http-nio-8080-exec-52/app/Elango] com.haulmont.cuba.gui.ControllerDependencyInjector - CDI - Unable to find an instance of type 'interface com.haulmont.cuba.gui.components.Table' named 'assetsTable' for instance of 'com.company.ams.web.requestasset.RequestAssetBrowse'
2017-04-03 10:20:10.715 DEBUG [http-nio-8080-exec-52/app-core/Elango] com.haulmont.cuba.core.app.RdbmsStore - loadList: metaClass=ams$Asset, view=com.company.ams.entity.Asset/_minimal, query=select b from ams$Asset b order by b.name, max=10000
2017-04-03 10:20:10.742 DEBUG [http-nio-8080-exec-52/app-core/Elango] com.haulmont.cuba.core.app.RdbmsStore - loadList: metaClass=ams$NewAsset, view=com.company.ams.entity.NewAsset/_minimal, query=select p from ams$NewAsset p where p.name.id = :component_assetField_id order by p.name.name, max=10000
2017-04-03 10:20:14.550 DEBUG [http-nio-8080-exec-11/app-core/Elango] com.haulmont.cuba.core.app.RdbmsStore - loadList: metaClass=ams$NewAsset, view=com.company.ams.entity.NewAsset/_minimal, query=select p from ams$NewAsset p where p.name.id = :component_assetField_id order by p.name.name, max=10000
2017-04-03 10:20:19.197 ERROR [http-nio-8080-exec-41/app-core/Elango] com.haulmont.cuba.core.sys.ServiceInterceptor - Exception in NewService.createInstances(..): com.haulmont.cuba.core.global.AccessDeniedException: ENTITY_OP Instance
2017-04-03 10:20:19.204 ERROR [http-nio-8080-exec-41/app/Elango] com.haulmont.cuba.web.log.AppLog - Exception in com.haulmont.cuba.web.toolkit.ui.CubaButton: com.haulmont.cuba.core.global.AccessDeniedException: ENTITY_OP Instance
2017-04-03 10:23:17.537 INFO  [scheduler-9] com.haulmont.cuba.core.sys.TriggerFilesProcessor - Calling cuba_WindowConfig.reset
2017-04-03 10:23:25.066 INFO  [localhost-startStop-2] com.haulmont.cuba.core.sys.CubaXmlWebApplicationContext - Closing WebApplicationContext for namespace 'rest_api-servlet': startup date [Mon Apr 03 10:14:30 IST 2017]; parent: com.haulmont.cuba.core.sys.CubaClassPathXmlApplicationContext@570201a7
2017-04-03 10:23:25.161 INFO  [localhost-startStop-2] com.haulmont.cuba.core.sys.CubaXmlWebApplicationContext - Closing WebApplicationContext for namespace 'dispatcher-servlet': startup date [Mon Apr 03 10:14:27 IST 2017]; parent: com.haulmont.cuba.core.sys.CubaClassPathXmlApplicationContext@570201a7
2017-04-03 10:23:25.539 INFO  [localhost-startStop-2] com.haulmont.cuba.core.sys.CubaClassPathXmlApplicationContext - Closing com.haulmont.cuba.core.sys.CubaClassPathXmlApplicationContext@570201a7: startup date [Mon Apr 03 10:14:19 IST 2017]; root of context hierarchy
2017-04-03 10:23:25.543 INFO  [localhost-startStop-2] com.haulmont.cuba.core.sys.CubaThreadPoolTaskScheduler - Shutting down ExecutorService 'scheduler'
2017-04-03 10:24:11.792 INFO  [localhost-startStop-1] com.haulmont.cuba.core.sys.AppComponents - Using app components: [com.haulmont.cuba]
2017-04-03 10:24:12.009 INFO  [localhost-startStop-1] com.haulmont.cuba.core.sys.AppContextLoader - Loading app properties from classpath:cuba-app.properties
2017-04-03 10:24:12.011 INFO  [localhost-startStop-1] com.haulmont.cuba.core.sys.AppContextLoader - Loading app properties from classpath:com/company/ams/app.properties
2017-04-03 10:24:12.454 INFO  [localhost-startStop-1] com.haulmont.cuba.core.sys.AppContextLoader - DbmsType of the main database is set to hsql
2017-04-03 10:24:13.024 INFO  [localhost-startStop-1] com.haulmont.cuba.core.sys.persistence.PersistenceConfigProcessor - Creating file /home/elangovan/Desktop/projectAMS/build/tomcat/work/app-core/persistence.xml
2017-04-03 10:24:13.567 INFO  [localhost-startStop-1] com.haulmont.cuba.core.sys.CubaCoreApplicationContext - Refreshing com.haulmont.cuba.core.sys.CubaCoreApplicationContext@d4b0448: startup date [Mon Apr 03 10:24:13 IST 2017]; root of context hierarchy
2017-04-03 10:24:26.875 INFO  [localhost-startStop-1] com.haulmont.chile.core.datatypes.Datatypes - Can't find /datatypes.xml, using default datatypes settings
2017-04-03 10:24:34.393 INFO  [localhost-startStop-1] com.haulmont.cuba.core.sys.CubaThreadPoolTaskScheduler - Initializing ExecutorService  'scheduler'
2017-04-03 10:24:35.064 INFO  [localhost-startStop-1] com.haulmont.cuba.core.sys.jmx.MBeanExporter - Registering beans for JMX exposure: [app-core.cuba:type=PersistenceManager, app-core.cuba:type=ConfigStorage, app-core.cuba:type=UserSessions, app-core.cuba:type=UniqueNumbers, app-core.cuba:type=Emailer, app-core.cuba:type=EntityLog, app-core.cuba:type=FileStorage, app-core.cuba:type=LockManager, app-core.cuba:type=CachingFacade, app-core.cuba:type=ClusterManager, app-core.cuba:type=ScriptingManager, app-core.cuba:type=ServerInfo, app-core.cuba:type=Scheduling, app-core.cuba:type=ObjectsCacheManager, app-core.cuba:type=PasswordEncryptionSupport, app-core.cuba:type=JmxNodeIdentifier, app-core.cuba:type=JmxLogControl, app-core.cuba:type=ClassLoaderManager, app-core.cuba:type=StatisticsCounter, app-core.cuba:type=BruteForceProtection, app-core.cuba:type=QueryCacheSupport, app-core.cuba:type=IdpSessions]
2017-04-03 10:24:35.931 DEBUG [localhost-startStop-1] com.haulmont.cuba.security.app.LoginWorkerBean - Initialize anonymous session
2017-04-03 10:24:35.935 INFO  [localhost-startStop-1] com.haulmont.cuba.core.app.ConfigStorage - Loading DB-stored app properties cache
2017-04-03 10:24:37.101 INFO  [localhost-startStop-1] com.haulmont.cuba.core.sys.MetadataImpl - Initializing metadata
2017-04-03 10:24:37.453 INFO  [localhost-startStop-1] com.haulmont.cuba.core.sys.MetadataImpl - Metadata initialized in 351ms
2017-04-03 10:24:39.566 INFO  [localhost-startStop-1] com.haulmont.cuba.core.sys.DefaultPermissionValuesConfig - Initializing default permission values
2017-04-03 10:24:39.823 INFO  [localhost-startStop-1] com.haulmont.cuba.security.app.LoginWorkerBean - Logged in: dcfaf853-9e32-2fb2-dca7-2c2f4cc43078 [anonymous]
2017-04-03 10:24:39.824 DEBUG [localhost-startStop-1] com.haulmont.cuba.security.app.LoginWorkerBean - Anonymous session initialized with id dcfaf853-9e32-2fb2-dca7-2c2f4cc43078
2017-04-03 10:24:39.825 INFO  [localhost-startStop-1] com.haulmont.cuba.core.sys.AppContextLoader - AppContext initialized
2017-04-03 10:24:39.970 INFO  [localhost-startStop-1] com.haulmont.cuba.core.sys.remoting.RemotingServlet - FrameworkServlet 'remoting': initialization started
2017-04-03 10:24:39.987 INFO  [localhost-startStop-1] com.haulmont.cuba.core.sys.CubaDefaultXmlWebApplicationContext - Refreshing WebApplicationContext for namespace 'remoting-servlet': startup date [Mon Apr 03 10:24:39 IST 2017]; parent: com.haulmont.cuba.core.sys.CubaCoreApplicationContext@d4b0448
2017-04-03 10:24:40.357 INFO  [localhost-startStop-1] com.haulmont.cuba.core.sys.remoting.RemoteServicesBeanCreator - Configuring remote services
2017-04-03 10:24:41.902 INFO  [localhost-startStop-1] com.haulmont.cuba.core.sys.remoting.RemotingServlet - FrameworkServlet 'remoting': initialization completed in 1932 ms
2017-04-03 10:24:42.710 INFO  [localhost-startStop-1] com.haulmont.cuba.core.sys.AppComponents - Using app components: [com.haulmont.cuba]
2017-04-03 10:24:42.721 INFO  [localhost-startStop-1] com.haulmont.cuba.web.sys.WebAppContextLoader - Loading app properties from classpath:cuba-web-app.properties
2017-04-03 10:24:42.723 INFO  [localhost-startStop-1] com.haulmont.cuba.web.sys.WebAppContextLoader - Loading app properties from classpath:com/company/ams/web-app.properties
2017-04-03 10:24:42.768 INFO  [localhost-startStop-1] com.haulmont.cuba.core.sys.CubaClassPathXmlApplicationContext - Refreshing com.haulmont.cuba.core.sys.CubaClassPathXmlApplicationContext@732c8d4c: startup date [Mon Apr 03 10:24:42 IST 2017]; root of context hierarchy
2017-04-03 10:24:45.559 INFO  [localhost-startStop-1] com.haulmont.cuba.web.sys.remoting.WebRemoteProxyBeanCreator - Configuring proxy beans for local service invocations: [cuba_LoginService, cuba_ServerInfoService, cuba_UserSettingService, cuba_UserManagementService, cuba_DataService, cuba_ConfigStorageService, cuba_PersistenceManagerService, cuba_LockService, cuba_UserSessionService, cuba_FoldersService, cuba_EmailService, cuba_FileStorageService, cuba_EntitySnapshotService, cuba_UniqueNumbersService, cuba_LocalizedMessageService, cuba_ResourceService, cuba_ScheduledTasksService, cuba_EntityLogService, cuba_TestingService, cuba_ObjectsCacheManagerService, cuba_DomainDescriptionService, cuba_RelatedEntitiesService, cuba_EntitySqlGenerationService, cuba_NumberIdService, cuba_QueryResultsService, cuba_DynamicAttributesCacheService, cuba_EntityRestoreService, cuba_LocalFileExchangeService, cuba_EntityImportExportService, cuba_ScreenProfilerService, cuba_ServerTokenStore, cuba_IdpService]
2017-04-03 10:24:45.567 INFO  [localhost-startStop-1] com.haulmont.cuba.web.sys.remoting.WebRemoteProxyBeanCreator - Configuring proxy beans for local service invocations: [ams_NewService]
2017-04-03 10:24:46.454 INFO  [localhost-startStop-1] com.haulmont.chile.core.datatypes.Datatypes - Can't find /datatypes.xml, using default datatypes settings
2017-04-03 10:24:49.137 INFO  [localhost-startStop-1] com.haulmont.cuba.core.sys.CubaThreadPoolTaskScheduler - Initializing ExecutorService  'scheduler'
2017-04-03 10:24:49.981 INFO  [localhost-startStop-1] com.haulmont.cuba.core.sys.jmx.MBeanExporter - Registering beans for JMX exposure: [app.cuba:type=ConfigStorage, app.cuba:type=CachingFacade, app.cuba:type=FileUploading, app.cuba:type=JmxNodeIdentifier, app.cuba:type=JmxLogControl, app.cuba:type=ClassLoaderManager, app.cuba:type=StatisticsCounter]
2017-04-03 10:24:50.043 INFO  [localhost-startStop-1] com.haulmont.cuba.web.sys.WebAppContextLoader - AppContext initialized
2017-04-03 10:24:50.086 INFO  [localhost-startStop-1] com.haulmont.cuba.web.sys.CubaDispatcherServlet - FrameworkServlet 'dispatcher': initialization started
2017-04-03 10:24:50.091 INFO  [localhost-startStop-1] com.haulmont.cuba.core.sys.CubaXmlWebApplicationContext - Refreshing WebApplicationContext for namespace 'dispatcher-servlet': startup date [Mon Apr 03 10:24:50 IST 2017]; parent: com.haulmont.cuba.core.sys.CubaClassPathXmlApplicationContext@732c8d4c
2017-04-03 10:24:53.750 INFO  [localhost-startStop-1] com.haulmont.cuba.web.sys.CubaDispatcherServlet - FrameworkServlet 'dispatcher': initialization completed in 3664 ms
2017-04-03 10:24:53.761 INFO  [localhost-startStop-1] com.haulmont.restapi.sys.CubaRestApiServlet - FrameworkServlet 'rest_api': initialization started
2017-04-03 10:24:53.763 INFO  [localhost-startStop-1] com.haulmont.cuba.core.sys.CubaXmlWebApplicationContext - Refreshing WebApplicationContext for namespace 'rest_api-servlet': startup date [Mon Apr 03 10:24:53 IST 2017]; parent: com.haulmont.cuba.core.sys.CubaClassPathXmlApplicationContext@732c8d4c
2017-04-03 10:25:00.257 INFO  [localhost-startStop-1] com.haulmont.restapi.sys.CubaRestApiServlet - FrameworkServlet 'rest_api': initialization completed in 6495 ms
2017-04-03 10:25:17.515 DEBUG [http-nio-8080-exec-52] com.haulmont.cuba.gui.theme.ThemeConstantsRepository - Loading theme constants
2017-04-03 10:25:17.595 DEBUG [http-nio-8080-exec-52] com.haulmont.cuba.web.App - Initializing application
2017-04-03 10:25:18.698 DEBUG [http-nio-8080-exec-52/app/anonymous] com.haulmont.cuba.web.DefaultApp - connectionStateChanged connected: true, authenticated: false
2017-04-03 10:25:18.699 DEBUG [http-nio-8080-exec-52/app/anonymous] com.haulmont.cuba.web.App - Closing all windows
2017-04-03 10:25:18.729 INFO  [http-nio-8080-exec-52/app/anonymous] com.haulmont.cuba.core.sys.MetadataImpl - Initializing metadata
2017-04-03 10:25:19.130 INFO  [http-nio-8080-exec-52/app/anonymous] com.haulmont.cuba.core.sys.MetadataImpl - Metadata initialized in 400ms
2017-04-03 10:25:20.036 DEBUG [http-nio-8080-exec-52/app/anonymous] com.haulmont.cuba.web.AbstractConnection - Logged in: user=anonymous, ip=127.0.0.1, clientInfo=Web (localhost:8080/app) Mozilla/5.0 (X11; Linux x86_64) AppleWebKit/537.36 (KHTML, like Gecko) Chrome/57.0.2987.110 Safari/537.36
2017-04-03 10:25:23.714 INFO  [http-nio-8080-exec-5/app-core/anonymous] com.haulmont.cuba.security.app.LoginWorkerBean - Logged in: 31b3d2bb-3cd5-158f-8ed9-83ab3f89ac06 [admin]
2017-04-03 10:25:23.808 DEBUG [http-nio-8080-exec-5/app/admin] com.haulmont.cuba.web.DefaultApp - connectionStateChanged connected: true, authenticated: true
2017-04-03 10:25:23.818 DEBUG [http-nio-8080-exec-5/app/admin] com.haulmont.cuba.web.App - Closing all windows
2017-04-03 10:25:23.831 DEBUG [http-nio-8080-exec-5/app/admin] com.haulmont.cuba.web.DefaultApp - Session reinitialized: HttpSession=org.apache.catalina.session.StandardSessionFacade@50ecdacf, timeout=1800sec, UserSession=31b3d2bb-3cd5-158f-8ed9-83ab3f89ac06 [admin]
2017-04-03 10:25:24.565 INFO  [http-nio-8080-exec-5/app/admin] com.haulmont.cuba.client.sys.ViewRepositoryClientImpl - Initializing views
2017-04-03 10:25:24.573 DEBUG [http-nio-8080-exec-5/app/admin] com.haulmont.cuba.client.sys.ViewRepositoryClientImpl - Deploying views config: cuba-views.xml
2017-04-03 10:25:24.595 DEBUG [http-nio-8080-exec-5/app/admin] com.haulmont.cuba.client.sys.ViewRepositoryClientImpl - Deploying views config: com/company/ams/views.xml
2017-04-03 10:25:24.658 DEBUG [http-nio-8080-exec-5/app-core/admin] com.haulmont.cuba.core.app.StoreFactory - No implementation is specified for _MAIN_ store, using RdbmsStore
2017-04-03 10:25:24.892 DEBUG [http-nio-8080-exec-5/app-core/admin] com.haulmont.cuba.core.app.RdbmsStore - loadList: metaClass=sec$UserSubstitution, view=com.haulmont.cuba.security.entity.UserSubstitution/app, query=select us from sec$UserSubstitution us where us.user.id = :userId and (us.endDate is null or us.endDate >= :currentDate) and (us.startDate is null or us.startDate <= :currentDate) and (us.substitutedUser.active = true or us.substitutedUser.active is null) order by us.substitutedUser.name
2017-04-03 10:25:25.337 DEBUG [http-nio-8080-exec-5/app-core/admin] com.haulmont.cuba.core.app.FoldersServiceBean - Loading AppFolders
2017-04-03 10:25:25.408 DEBUG [http-nio-8080-exec-5/app-core/admin] com.haulmont.cuba.core.app.FoldersServiceBean - Loading SearchFolders
2017-04-03 10:25:25.683 DEBUG [http-nio-8080-exec-5/app/admin] com.haulmont.cuba.web.AbstractConnection - Logged in: user=admin, ip=127.0.0.1, clientInfo=Web (localhost:8080/app) Mozilla/5.0 (X11; Linux x86_64) AppleWebKit/537.36 (KHTML, like Gecko) Chrome/57.0.2987.110 Safari/537.36
2017-04-03 10:26:10.288 INFO  [scheduler-1] com.haulmont.cuba.core.sys.TriggerFilesProcessor - Calling cuba_WindowConfig.reset
2017-04-03 10:26:13.204 INFO  [localhost-startStop-2] com.haulmont.cuba.core.sys.CubaXmlWebApplicationContext - Closing WebApplicationContext for namespace 'rest_api-servlet': startup date [Mon Apr 03 10:24:53 IST 2017]; parent: com.haulmont.cuba.core.sys.CubaClassPathXmlApplicationContext@732c8d4c
2017-04-03 10:26:13.248 INFO  [localhost-startStop-2] com.haulmont.cuba.core.sys.CubaXmlWebApplicationContext - Closing WebApplicationContext for namespace 'dispatcher-servlet': startup date [Mon Apr 03 10:24:50 IST 2017]; parent: com.haulmont.cuba.core.sys.CubaClassPathXmlApplicationContext@732c8d4c
2017-04-03 10:26:13.310 INFO  [localhost-startStop-2] com.haulmont.cuba.core.sys.CubaClassPathXmlApplicationContext - Closing com.haulmont.cuba.core.sys.CubaClassPathXmlApplicationContext@732c8d4c: startup date [Mon Apr 03 10:24:42 IST 2017]; root of context hierarchy
2017-04-03 10:26:13.316 INFO  [localhost-startStop-2] com.haulmont.cuba.core.sys.CubaThreadPoolTaskScheduler - Shutting down ExecutorService 'scheduler'
2017-04-03 10:26:43.115 INFO  [localhost-startStop-1] com.haulmont.cuba.core.sys.AppComponents - Using app components: [com.haulmont.cuba]
2017-04-03 10:26:43.221 INFO  [localhost-startStop-1] com.haulmont.cuba.core.sys.AppContextLoader - Loading app properties from classpath:cuba-app.properties
2017-04-03 10:26:43.224 INFO  [localhost-startStop-1] com.haulmont.cuba.core.sys.AppContextLoader - Loading app properties from classpath:com/company/ams/app.properties
2017-04-03 10:26:43.522 INFO  [localhost-startStop-1] com.haulmont.cuba.core.sys.AppContextLoader - DbmsType of the main database is set to hsql
2017-04-03 10:26:44.004 INFO  [localhost-startStop-1] com.haulmont.cuba.core.sys.persistence.PersistenceConfigProcessor - Creating file /home/elangovan/Desktop/projectAMS/build/tomcat/work/app-core/persistence.xml
2017-04-03 10:26:44.437 INFO  [localhost-startStop-1] com.haulmont.cuba.core.sys.CubaCoreApplicationContext - Refreshing com.haulmont.cuba.core.sys.CubaCoreApplicationContext@21cc0935: startup date [Mon Apr 03 10:26:44 IST 2017]; root of context hierarchy
2017-04-03 10:26:56.543 INFO  [localhost-startStop-1] com.haulmont.chile.core.datatypes.Datatypes - Can't find /datatypes.xml, using default datatypes settings
2017-04-03 10:27:04.799 INFO  [localhost-startStop-1] com.haulmont.cuba.core.sys.CubaThreadPoolTaskScheduler - Initializing ExecutorService  'scheduler'
2017-04-03 10:27:05.500 INFO  [localhost-startStop-1] com.haulmont.cuba.core.sys.jmx.MBeanExporter - Registering beans for JMX exposure: [app-core.cuba:type=PersistenceManager, app-core.cuba:type=ConfigStorage, app-core.cuba:type=UserSessions, app-core.cuba:type=UniqueNumbers, app-core.cuba:type=Emailer, app-core.cuba:type=EntityLog, app-core.cuba:type=FileStorage, app-core.cuba:type=LockManager, app-core.cuba:type=CachingFacade, app-core.cuba:type=ClusterManager, app-core.cuba:type=ScriptingManager, app-core.cuba:type=ServerInfo, app-core.cuba:type=Scheduling, app-core.cuba:type=ObjectsCacheManager, app-core.cuba:type=PasswordEncryptionSupport, app-core.cuba:type=JmxNodeIdentifier, app-core.cuba:type=JmxLogControl, app-core.cuba:type=ClassLoaderManager, app-core.cuba:type=StatisticsCounter, app-core.cuba:type=BruteForceProtection, app-core.cuba:type=QueryCacheSupport, app-core.cuba:type=IdpSessions]
2017-04-03 10:27:06.489 DEBUG [localhost-startStop-1] com.haulmont.cuba.security.app.LoginWorkerBean - Initialize anonymous session
2017-04-03 10:27:06.493 INFO  [localhost-startStop-1] com.haulmont.cuba.core.app.ConfigStorage - Loading DB-stored app properties cache
2017-04-03 10:27:07.454 INFO  [localhost-startStop-1] com.haulmont.cuba.core.sys.MetadataImpl - Initializing metadata
2017-04-03 10:27:07.908 INFO  [localhost-startStop-1] com.haulmont.cuba.core.sys.MetadataImpl - Metadata initialized in 452ms
2017-04-03 10:27:09.843 INFO  [localhost-startStop-1] com.haulmont.cuba.core.sys.DefaultPermissionValuesConfig - Initializing default permission values
2017-04-03 10:27:10.057 INFO  [localhost-startStop-1] com.haulmont.cuba.security.app.LoginWorkerBean - Logged in: dcfaf853-9e32-2fb2-dca7-2c2f4cc43078 [anonymous]
2017-04-03 10:27:10.058 DEBUG [localhost-startStop-1] com.haulmont.cuba.security.app.LoginWorkerBean - Anonymous session initialized with id dcfaf853-9e32-2fb2-dca7-2c2f4cc43078
2017-04-03 10:27:10.058 INFO  [localhost-startStop-1] com.haulmont.cuba.core.sys.AppContextLoader - AppContext initialized
2017-04-03 10:27:10.192 INFO  [localhost-startStop-1] com.haulmont.cuba.core.sys.remoting.RemotingServlet - FrameworkServlet 'remoting': initialization started
2017-04-03 10:27:10.223 INFO  [localhost-startStop-1] com.haulmont.cuba.core.sys.CubaDefaultXmlWebApplicationContext - Refreshing WebApplicationContext for namespace 'remoting-servlet': startup date [Mon Apr 03 10:27:10 IST 2017]; parent: com.haulmont.cuba.core.sys.CubaCoreApplicationContext@21cc0935
2017-04-03 10:27:10.324 INFO  [localhost-startStop-1] com.haulmont.cuba.core.sys.remoting.RemoteServicesBeanCreator - Configuring remote services
2017-04-03 10:27:12.327 INFO  [localhost-startStop-1] com.haulmont.cuba.core.sys.remoting.RemotingServlet - FrameworkServlet 'remoting': initialization completed in 2134 ms
2017-04-03 10:27:13.307 INFO  [localhost-startStop-1] com.haulmont.cuba.core.sys.AppComponents - Using app components: [com.haulmont.cuba]
2017-04-03 10:27:13.320 INFO  [localhost-startStop-1] com.haulmont.cuba.web.sys.WebAppContextLoader - Loading app properties from classpath:cuba-web-app.properties
2017-04-03 10:27:13.323 INFO  [localhost-startStop-1] com.haulmont.cuba.web.sys.WebAppContextLoader - Loading app properties from classpath:com/company/ams/web-app.properties
2017-04-03 10:27:13.347 INFO  [localhost-startStop-1] com.haulmont.cuba.core.sys.CubaClassPathXmlApplicationContext - Refreshing com.haulmont.cuba.core.sys.CubaClassPathXmlApplicationContext@263bf584: startup date [Mon Apr 03 10:27:13 IST 2017]; root of context hierarchy
2017-04-03 10:27:17.423 INFO  [localhost-startStop-1] com.haulmont.cuba.web.sys.remoting.WebRemoteProxyBeanCreator - Configuring proxy beans for local service invocations: [cuba_LoginService, cuba_ServerInfoService, cuba_UserSettingService, cuba_UserManagementService, cuba_DataService, cuba_ConfigStorageService, cuba_PersistenceManagerService, cuba_LockService, cuba_UserSessionService, cuba_FoldersService, cuba_EmailService, cuba_FileStorageService, cuba_EntitySnapshotService, cuba_UniqueNumbersService, cuba_LocalizedMessageService, cuba_ResourceService, cuba_ScheduledTasksService, cuba_EntityLogService, cuba_TestingService, cuba_ObjectsCacheManagerService, cuba_DomainDescriptionService, cuba_RelatedEntitiesService, cuba_EntitySqlGenerationService, cuba_NumberIdService, cuba_QueryResultsService, cuba_DynamicAttributesCacheService, cuba_EntityRestoreService, cuba_LocalFileExchangeService, cuba_EntityImportExportService, cuba_ScreenProfilerService, cuba_ServerTokenStore, cuba_IdpService]
2017-04-03 10:27:17.431 INFO  [localhost-startStop-1] com.haulmont.cuba.web.sys.remoting.WebRemoteProxyBeanCreator - Configuring proxy beans for local service invocations: [ams_NewService]
2017-04-03 10:27:18.450 INFO  [localhost-startStop-1] com.haulmont.chile.core.datatypes.Datatypes - Can't find /datatypes.xml, using default datatypes settings
2017-04-03 10:27:22.097 INFO  [localhost-startStop-1] com.haulmont.cuba.core.sys.CubaThreadPoolTaskScheduler - Initializing ExecutorService  'scheduler'
2017-04-03 10:27:23.536 INFO  [localhost-startStop-1] com.haulmont.cuba.core.sys.jmx.MBeanExporter - Registering beans for JMX exposure: [app.cuba:type=ConfigStorage, app.cuba:type=CachingFacade, app.cuba:type=FileUploading, app.cuba:type=JmxNodeIdentifier, app.cuba:type=JmxLogControl, app.cuba:type=ClassLoaderManager, app.cuba:type=StatisticsCounter]
2017-04-03 10:27:23.613 INFO  [localhost-startStop-1] com.haulmont.cuba.web.sys.WebAppContextLoader - AppContext initialized
2017-04-03 10:27:23.661 INFO  [localhost-startStop-1] com.haulmont.cuba.web.sys.CubaDispatcherServlet - FrameworkServlet 'dispatcher': initialization started
2017-04-03 10:27:23.666 INFO  [localhost-startStop-1] com.haulmont.cuba.core.sys.CubaXmlWebApplicationContext - Refreshing WebApplicationContext for namespace 'dispatcher-servlet': startup date [Mon Apr 03 10:27:23 IST 2017]; parent: com.haulmont.cuba.core.sys.CubaClassPathXmlApplicationContext@263bf584
2017-04-03 10:27:28.190 INFO  [localhost-startStop-1] com.haulmont.cuba.web.sys.CubaDispatcherServlet - FrameworkServlet 'dispatcher': initialization completed in 4528 ms
2017-04-03 10:27:28.207 INFO  [localhost-startStop-1] com.haulmont.restapi.sys.CubaRestApiServlet - FrameworkServlet 'rest_api': initialization started
2017-04-03 10:27:28.209 INFO  [localhost-startStop-1] com.haulmont.cuba.core.sys.CubaXmlWebApplicationContext - Refreshing WebApplicationContext for namespace 'rest_api-servlet': startup date [Mon Apr 03 10:27:28 IST 2017]; parent: com.haulmont.cuba.core.sys.CubaClassPathXmlApplicationContext@263bf584
2017-04-03 10:27:33.684 INFO  [localhost-startStop-1] com.haulmont.restapi.sys.CubaRestApiServlet - FrameworkServlet 'rest_api': initialization completed in 5476 ms
2017-04-03 10:27:36.467 DEBUG [http-nio-8080-exec-3] com.haulmont.cuba.gui.theme.ThemeConstantsRepository - Loading theme constants
2017-04-03 10:27:36.485 DEBUG [http-nio-8080-exec-3] com.haulmont.cuba.web.App - Initializing application
2017-04-03 10:27:37.402 DEBUG [http-nio-8080-exec-3/app/anonymous] com.haulmont.cuba.web.DefaultApp - connectionStateChanged connected: true, authenticated: false
2017-04-03 10:27:37.402 DEBUG [http-nio-8080-exec-3/app/anonymous] com.haulmont.cuba.web.App - Closing all windows
2017-04-03 10:27:37.511 INFO  [http-nio-8080-exec-3/app/anonymous] com.haulmont.cuba.core.sys.MetadataImpl - Initializing metadata
2017-04-03 10:27:38.333 INFO  [http-nio-8080-exec-3/app/anonymous] com.haulmont.cuba.core.sys.MetadataImpl - Metadata initialized in 810ms
2017-04-03 10:27:39.724 DEBUG [http-nio-8080-exec-3/app/anonymous] com.haulmont.cuba.web.AbstractConnection - Logged in: user=anonymous, ip=127.0.0.1, clientInfo=Web (localhost:8080/app) Mozilla/5.0 (X11; Linux x86_64) AppleWebKit/537.36 (KHTML, like Gecko) Chrome/57.0.2987.110 Safari/537.36
2017-04-03 10:27:44.129 INFO  [http-nio-8080-exec-38/app-core/anonymous] com.haulmont.cuba.security.app.LoginWorkerBean - Logged in: acd01d63-f1f3-632b-a38a-ef643a028b71 [admin]
2017-04-03 10:27:44.218 DEBUG [http-nio-8080-exec-38/app/admin] com.haulmont.cuba.web.DefaultApp - connectionStateChanged connected: true, authenticated: true
2017-04-03 10:27:44.219 DEBUG [http-nio-8080-exec-38/app/admin] com.haulmont.cuba.web.App - Closing all windows
2017-04-03 10:27:44.230 DEBUG [http-nio-8080-exec-38/app/admin] com.haulmont.cuba.web.DefaultApp - Session reinitialized: HttpSession=org.apache.catalina.session.StandardSessionFacade@dd01045, timeout=1800sec, UserSession=acd01d63-f1f3-632b-a38a-ef643a028b71 [admin]
2017-04-03 10:27:45.367 INFO  [http-nio-8080-exec-38/app/admin] com.haulmont.cuba.client.sys.ViewRepositoryClientImpl - Initializing views
2017-04-03 10:27:45.372 DEBUG [http-nio-8080-exec-38/app/admin] com.haulmont.cuba.client.sys.ViewRepositoryClientImpl - Deploying views config: cuba-views.xml
2017-04-03 10:27:45.388 DEBUG [http-nio-8080-exec-38/app/admin] com.haulmont.cuba.client.sys.ViewRepositoryClientImpl - Deploying views config: com/company/ams/views.xml
2017-04-03 10:27:45.467 DEBUG [http-nio-8080-exec-38/app-core/admin] com.haulmont.cuba.core.app.StoreFactory - No implementation is specified for _MAIN_ store, using RdbmsStore
2017-04-03 10:27:45.613 DEBUG [http-nio-8080-exec-38/app-core/admin] com.haulmont.cuba.core.app.RdbmsStore - loadList: metaClass=sec$UserSubstitution, view=com.haulmont.cuba.security.entity.UserSubstitution/app, query=select us from sec$UserSubstitution us where us.user.id = :userId and (us.endDate is null or us.endDate >= :currentDate) and (us.startDate is null or us.startDate <= :currentDate) and (us.substitutedUser.active = true or us.substitutedUser.active is null) order by us.substitutedUser.name
2017-04-03 10:27:46.284 DEBUG [http-nio-8080-exec-38/app-core/admin] com.haulmont.cuba.core.app.FoldersServiceBean - Loading AppFolders
2017-04-03 10:27:46.430 DEBUG [http-nio-8080-exec-38/app-core/admin] com.haulmont.cuba.core.app.FoldersServiceBean - Loading SearchFolders
2017-04-03 10:27:46.755 DEBUG [http-nio-8080-exec-38/app/admin] com.haulmont.cuba.web.AbstractConnection - Logged in: user=admin, ip=127.0.0.1, clientInfo=Web (localhost:8080/app) Mozilla/5.0 (X11; Linux x86_64) AppleWebKit/537.36 (KHTML, like Gecko) Chrome/57.0.2987.110 Safari/537.36
2017-04-03 10:28:18.576 INFO  [http-nio-8080-exec-5/app-core/admin] com.haulmont.cuba.core.app.PersistenceManager - Loading statistics cache
2017-04-03 10:28:18.904 INFO  [http-nio-8080-exec-5/app-core/admin] com.haulmont.cuba.core.sys.ViewRepositoryImpl - Initializing views
2017-04-03 10:28:19.298 DEBUG [http-nio-8080-exec-5/app-core/admin] com.haulmont.cuba.core.app.RdbmsStore - loadList: metaClass=sec$Filter, view=com.haulmont.cuba.security.entity.FilterEntity/app, query=select f from sec$Filter f left join f.user u where f.componentId = :component and (u.id = :userId or u is null) order by f.name
2017-04-03 10:28:20.591 DEBUG [http-nio-8080-exec-5/app-core/admin] com.haulmont.cuba.core.app.RdbmsStore - loadList: metaClass=ams$NewAsset, view=com.company.ams.entity.NewAsset/newAsset-view, query=select e from ams$NewAsset e, max=50
2017-04-03 10:29:03.999 INFO  [scheduler-8] com.haulmont.cuba.core.sys.TriggerFilesProcessor - Calling cuba_WindowConfig.reset
2017-04-03 10:29:10.730 INFO  [localhost-startStop-2] com.haulmont.cuba.core.sys.CubaXmlWebApplicationContext - Closing WebApplicationContext for namespace 'rest_api-servlet': startup date [Mon Apr 03 10:27:28 IST 2017]; parent: com.haulmont.cuba.core.sys.CubaClassPathXmlApplicationContext@263bf584
2017-04-03 10:29:10.784 INFO  [localhost-startStop-2] com.haulmont.cuba.core.sys.CubaXmlWebApplicationContext - Closing WebApplicationContext for namespace 'dispatcher-servlet': startup date [Mon Apr 03 10:27:23 IST 2017]; parent: com.haulmont.cuba.core.sys.CubaClassPathXmlApplicationContext@263bf584
2017-04-03 10:29:10.962 INFO  [localhost-startStop-2] com.haulmont.cuba.core.sys.CubaClassPathXmlApplicationContext - Closing com.haulmont.cuba.core.sys.CubaClassPathXmlApplicationContext@263bf584: startup date [Mon Apr 03 10:27:13 IST 2017]; root of context hierarchy
2017-04-03 10:29:10.967 INFO  [localhost-startStop-2] com.haulmont.cuba.core.sys.CubaThreadPoolTaskScheduler - Shutting down ExecutorService 'scheduler'
2017-04-03 10:30:05.183 INFO  [localhost-startStop-1] com.haulmont.cuba.core.sys.AppComponents - Using app components: [com.haulmont.cuba]
2017-04-03 10:30:05.924 INFO  [localhost-startStop-1] com.haulmont.cuba.core.sys.AppContextLoader - Loading app properties from classpath:cuba-app.properties
2017-04-03 10:30:05.947 INFO  [localhost-startStop-1] com.haulmont.cuba.core.sys.AppContextLoader - Loading app properties from classpath:com/company/ams/app.properties
2017-04-03 10:30:06.316 INFO  [localhost-startStop-1] com.haulmont.cuba.core.sys.AppContextLoader - DbmsType of the main database is set to hsql
2017-04-03 10:30:06.739 INFO  [localhost-startStop-1] com.haulmont.cuba.core.sys.persistence.PersistenceConfigProcessor - Creating file /home/elangovan/Desktop/projectAMS/build/tomcat/work/app-core/persistence.xml
2017-04-03 10:30:07.245 INFO  [localhost-startStop-1] com.haulmont.cuba.core.sys.CubaCoreApplicationContext - Refreshing com.haulmont.cuba.core.sys.CubaCoreApplicationContext@11e855f4: startup date [Mon Apr 03 10:30:07 IST 2017]; root of context hierarchy
2017-04-03 10:30:22.200 INFO  [localhost-startStop-1] com.haulmont.chile.core.datatypes.Datatypes - Can't find /datatypes.xml, using default datatypes settings
2017-04-03 10:30:35.150 INFO  [localhost-startStop-1] com.haulmont.cuba.core.sys.CubaThreadPoolTaskScheduler - Initializing ExecutorService  'scheduler'
2017-04-03 10:30:37.186 INFO  [localhost-startStop-1] com.haulmont.cuba.core.sys.jmx.MBeanExporter - Registering beans for JMX exposure: [app-core.cuba:type=PersistenceManager, app-core.cuba:type=ConfigStorage, app-core.cuba:type=UserSessions, app-core.cuba:type=UniqueNumbers, app-core.cuba:type=Emailer, app-core.cuba:type=EntityLog, app-core.cuba:type=FileStorage, app-core.cuba:type=LockManager, app-core.cuba:type=CachingFacade, app-core.cuba:type=ClusterManager, app-core.cuba:type=ScriptingManager, app-core.cuba:type=ServerInfo, app-core.cuba:type=Scheduling, app-core.cuba:type=ObjectsCacheManager, app-core.cuba:type=PasswordEncryptionSupport, app-core.cuba:type=JmxNodeIdentifier, app-core.cuba:type=JmxLogControl, app-core.cuba:type=ClassLoaderManager, app-core.cuba:type=StatisticsCounter, app-core.cuba:type=BruteForceProtection, app-core.cuba:type=QueryCacheSupport, app-core.cuba:type=IdpSessions]
2017-04-03 10:30:39.274 DEBUG [localhost-startStop-1] com.haulmont.cuba.security.app.LoginWorkerBean - Initialize anonymous session
2017-04-03 10:30:39.279 INFO  [localhost-startStop-1] com.haulmont.cuba.core.app.ConfigStorage - Loading DB-stored app properties cache
2017-04-03 10:30:42.499 INFO  [localhost-startStop-1] com.haulmont.cuba.core.sys.MetadataImpl - Initializing metadata
2017-04-03 10:30:43.554 INFO  [localhost-startStop-1] com.haulmont.cuba.core.sys.MetadataImpl - Metadata initialized in 1054ms
2017-04-03 10:30:48.452 INFO  [localhost-startStop-1] com.haulmont.cuba.core.sys.DefaultPermissionValuesConfig - Initializing default permission values
2017-04-03 10:30:49.178 INFO  [localhost-startStop-1] com.haulmont.cuba.security.app.LoginWorkerBean - Logged in: dcfaf853-9e32-2fb2-dca7-2c2f4cc43078 [anonymous]
2017-04-03 10:30:49.179 DEBUG [localhost-startStop-1] com.haulmont.cuba.security.app.LoginWorkerBean - Anonymous session initialized with id dcfaf853-9e32-2fb2-dca7-2c2f4cc43078
2017-04-03 10:30:49.179 INFO  [localhost-startStop-1] com.haulmont.cuba.core.sys.AppContextLoader - AppContext initialized
2017-04-03 10:30:49.628 INFO  [localhost-startStop-1] com.haulmont.cuba.core.sys.remoting.RemotingServlet - FrameworkServlet 'remoting': initialization started
2017-04-03 10:30:49.688 INFO  [localhost-startStop-1] com.haulmont.cuba.core.sys.CubaDefaultXmlWebApplicationContext - Refreshing WebApplicationContext for namespace 'remoting-servlet': startup date [Mon Apr 03 10:30:49 IST 2017]; parent: com.haulmont.cuba.core.sys.CubaCoreApplicationContext@11e855f4
2017-04-03 10:30:49.839 INFO  [localhost-startStop-1] com.haulmont.cuba.core.sys.remoting.RemoteServicesBeanCreator - Configuring remote services
2017-04-03 10:30:52.965 INFO  [localhost-startStop-1] com.haulmont.cuba.core.sys.remoting.RemotingServlet - FrameworkServlet 'remoting': initialization completed in 3336 ms
2017-04-03 10:30:54.398 INFO  [localhost-startStop-1] com.haulmont.cuba.core.sys.AppComponents - Using app components: [com.haulmont.cuba]
2017-04-03 10:30:54.414 INFO  [localhost-startStop-1] com.haulmont.cuba.web.sys.WebAppContextLoader - Loading app properties from classpath:cuba-web-app.properties
2017-04-03 10:30:54.418 INFO  [localhost-startStop-1] com.haulmont.cuba.web.sys.WebAppContextLoader - Loading app properties from classpath:com/company/ams/web-app.properties
2017-04-03 10:30:54.446 INFO  [localhost-startStop-1] com.haulmont.cuba.core.sys.CubaClassPathXmlApplicationContext - Refreshing com.haulmont.cuba.core.sys.CubaClassPathXmlApplicationContext@5f703a68: startup date [Mon Apr 03 10:30:54 IST 2017]; root of context hierarchy
2017-04-03 10:30:58.524 INFO  [localhost-startStop-1] com.haulmont.cuba.web.sys.remoting.WebRemoteProxyBeanCreator - Configuring proxy beans for local service invocations: [cuba_LoginService, cuba_ServerInfoService, cuba_UserSettingService, cuba_UserManagementService, cuba_DataService, cuba_ConfigStorageService, cuba_PersistenceManagerService, cuba_LockService, cuba_UserSessionService, cuba_FoldersService, cuba_EmailService, cuba_FileStorageService, cuba_EntitySnapshotService, cuba_UniqueNumbersService, cuba_LocalizedMessageService, cuba_ResourceService, cuba_ScheduledTasksService, cuba_EntityLogService, cuba_TestingService, cuba_ObjectsCacheManagerService, cuba_DomainDescriptionService, cuba_RelatedEntitiesService, cuba_EntitySqlGenerationService, cuba_NumberIdService, cuba_QueryResultsService, cuba_DynamicAttributesCacheService, cuba_EntityRestoreService, cuba_LocalFileExchangeService, cuba_EntityImportExportService, cuba_ScreenProfilerService, cuba_ServerTokenStore, cuba_IdpService]
2017-04-03 10:30:58.537 INFO  [localhost-startStop-1] com.haulmont.cuba.web.sys.remoting.WebRemoteProxyBeanCreator - Configuring proxy beans for local service invocations: [ams_NewService]
2017-04-03 10:30:59.569 INFO  [localhost-startStop-1] com.haulmont.chile.core.datatypes.Datatypes - Can't find /datatypes.xml, using default datatypes settings
2017-04-03 10:31:02.876 INFO  [localhost-startStop-1] com.haulmont.cuba.core.sys.CubaThreadPoolTaskScheduler - Initializing ExecutorService  'scheduler'
2017-04-03 10:31:04.001 INFO  [localhost-startStop-1] com.haulmont.cuba.core.sys.jmx.MBeanExporter - Registering beans for JMX exposure: [app.cuba:type=ConfigStorage, app.cuba:type=CachingFacade, app.cuba:type=FileUploading, app.cuba:type=JmxNodeIdentifier, app.cuba:type=JmxLogControl, app.cuba:type=ClassLoaderManager, app.cuba:type=StatisticsCounter]
2017-04-03 10:31:04.067 INFO  [localhost-startStop-1] com.haulmont.cuba.web.sys.WebAppContextLoader - AppContext initialized
2017-04-03 10:31:04.157 INFO  [localhost-startStop-1] com.haulmont.cuba.web.sys.CubaDispatcherServlet - FrameworkServlet 'dispatcher': initialization started
2017-04-03 10:31:04.162 INFO  [localhost-startStop-1] com.haulmont.cuba.core.sys.CubaXmlWebApplicationContext - Refreshing WebApplicationContext for namespace 'dispatcher-servlet': startup date [Mon Apr 03 10:31:04 IST 2017]; parent: com.haulmont.cuba.core.sys.CubaClassPathXmlApplicationContext@5f703a68
2017-04-03 10:31:09.046 INFO  [localhost-startStop-1] com.haulmont.cuba.web.sys.CubaDispatcherServlet - FrameworkServlet 'dispatcher': initialization completed in 4888 ms
2017-04-03 10:31:09.059 INFO  [localhost-startStop-1] com.haulmont.restapi.sys.CubaRestApiServlet - FrameworkServlet 'rest_api': initialization started
2017-04-03 10:31:09.066 INFO  [localhost-startStop-1] com.haulmont.cuba.core.sys.CubaXmlWebApplicationContext - Refreshing WebApplicationContext for namespace 'rest_api-servlet': startup date [Mon Apr 03 10:31:09 IST 2017]; parent: com.haulmont.cuba.core.sys.CubaClassPathXmlApplicationContext@5f703a68
2017-04-03 10:31:19.128 INFO  [localhost-startStop-1] com.haulmont.restapi.sys.CubaRestApiServlet - FrameworkServlet 'rest_api': initialization completed in 10068 ms
2017-04-03 10:31:24.424 DEBUG [http-nio-8080-exec-40] com.haulmont.cuba.gui.theme.ThemeConstantsRepository - Loading theme constants
2017-04-03 10:31:24.581 DEBUG [http-nio-8080-exec-40] com.haulmont.cuba.web.App - Initializing application
2017-04-03 10:31:26.159 DEBUG [http-nio-8080-exec-40/app/anonymous] com.haulmont.cuba.web.DefaultApp - connectionStateChanged connected: true, authenticated: false
2017-04-03 10:31:26.160 DEBUG [http-nio-8080-exec-40/app/anonymous] com.haulmont.cuba.web.App - Closing all windows
2017-04-03 10:31:26.308 INFO  [http-nio-8080-exec-40/app/anonymous] com.haulmont.cuba.core.sys.MetadataImpl - Initializing metadata
2017-04-03 10:31:28.082 INFO  [http-nio-8080-exec-40/app/anonymous] com.haulmont.cuba.core.sys.MetadataImpl - Metadata initialized in 1763ms
2017-04-03 10:31:29.611 DEBUG [http-nio-8080-exec-40/app/anonymous] com.haulmont.cuba.web.AbstractConnection - Logged in: user=anonymous, ip=127.0.0.1, clientInfo=Web (localhost:8080/app) Mozilla/5.0 (X11; Linux x86_64) AppleWebKit/537.36 (KHTML, like Gecko) Chrome/57.0.2987.110 Safari/537.36
2017-04-03 10:39:54.369 INFO  [http-nio-8080-exec-52/app-core/anonymous] com.haulmont.cuba.security.app.LoginWorkerBean - Logged in: f4b37c12-b387-cf2a-b6f6-b7ea9eb4f72d [admin]
2017-04-03 10:39:54.472 DEBUG [http-nio-8080-exec-52/app/admin] com.haulmont.cuba.web.DefaultApp - connectionStateChanged connected: true, authenticated: true
2017-04-03 10:39:54.473 DEBUG [http-nio-8080-exec-52/app/admin] com.haulmont.cuba.web.App - Closing all windows
2017-04-03 10:39:54.481 DEBUG [http-nio-8080-exec-52/app/admin] com.haulmont.cuba.web.DefaultApp - Session reinitialized: HttpSession=org.apache.catalina.session.StandardSessionFacade@584766b8, timeout=1800sec, UserSession=f4b37c12-b387-cf2a-b6f6-b7ea9eb4f72d [admin]
2017-04-03 10:39:54.755 INFO  [ClientCacheManager-pool-3-thread-1] com.haulmont.cuba.security.app.LoginWorkerBean - Logged in: f38b6f3d-b42b-7b8c-7d6c-db36b77d7a24 [admin]
2017-04-03 10:39:56.563 INFO  [http-nio-8080-exec-52/app/admin] com.haulmont.cuba.client.sys.ViewRepositoryClientImpl - Initializing views
2017-04-03 10:39:56.600 DEBUG [http-nio-8080-exec-52/app/admin] com.haulmont.cuba.client.sys.ViewRepositoryClientImpl - Deploying views config: cuba-views.xml
2017-04-03 10:39:56.637 DEBUG [http-nio-8080-exec-52/app/admin] com.haulmont.cuba.client.sys.ViewRepositoryClientImpl - Deploying views config: com/company/ams/views.xml
2017-04-03 10:39:56.771 DEBUG [http-nio-8080-exec-52/app-core/admin] com.haulmont.cuba.core.app.StoreFactory - No implementation is specified for _MAIN_ store, using RdbmsStore
2017-04-03 10:39:56.939 DEBUG [http-nio-8080-exec-52/app-core/admin] com.haulmont.cuba.core.app.RdbmsStore - loadList: metaClass=sec$UserSubstitution, view=com.haulmont.cuba.security.entity.UserSubstitution/app, query=select us from sec$UserSubstitution us where us.user.id = :userId and (us.endDate is null or us.endDate >= :currentDate) and (us.startDate is null or us.startDate <= :currentDate) and (us.substitutedUser.active = true or us.substitutedUser.active is null) order by us.substitutedUser.name
2017-04-03 10:39:58.254 DEBUG [http-nio-8080-exec-52/app-core/admin] com.haulmont.cuba.core.app.FoldersServiceBean - Loading AppFolders
2017-04-03 10:39:58.676 DEBUG [http-nio-8080-exec-52/app-core/admin] com.haulmont.cuba.core.app.FoldersServiceBean - Loading SearchFolders
2017-04-03 10:39:59.269 DEBUG [http-nio-8080-exec-52/app/admin] com.haulmont.cuba.web.AbstractConnection - Logged in: user=admin, ip=127.0.0.1, clientInfo=Web (localhost:8080/app) Mozilla/5.0 (X11; Linux x86_64) AppleWebKit/537.36 (KHTML, like Gecko) Chrome/57.0.2987.110 Safari/537.36
2017-04-03 10:39:59.714 WARN  [http-nio-8080-exec-52] com.haulmont.cuba.web.sys.CubaApplicationServlet - Too long request processing [8431 ms]: ip=127.0.0.1, url=/app/UIDL/
2017-04-03 10:40:55.061 INFO  [scheduler-1] com.haulmont.cuba.core.sys.TriggerFilesProcessor - Calling cuba_WindowConfig.reset
2017-04-03 10:40:59.935 INFO  [localhost-startStop-2] com.haulmont.cuba.core.sys.CubaXmlWebApplicationContext - Closing WebApplicationContext for namespace 'rest_api-servlet': startup date [Mon Apr 03 10:31:09 IST 2017]; parent: com.haulmont.cuba.core.sys.CubaClassPathXmlApplicationContext@5f703a68
2017-04-03 10:41:00.086 INFO  [localhost-startStop-2] com.haulmont.cuba.core.sys.CubaXmlWebApplicationContext - Closing WebApplicationContext for namespace 'dispatcher-servlet': startup date [Mon Apr 03 10:31:04 IST 2017]; parent: com.haulmont.cuba.core.sys.CubaClassPathXmlApplicationContext@5f703a68
2017-04-03 10:41:00.593 INFO  [localhost-startStop-2] com.haulmont.cuba.core.sys.CubaClassPathXmlApplicationContext - Closing com.haulmont.cuba.core.sys.CubaClassPathXmlApplicationContext@5f703a68: startup date [Mon Apr 03 10:30:54 IST 2017]; root of context hierarchy
2017-04-03 10:41:00.600 INFO  [localhost-startStop-2] com.haulmont.cuba.core.sys.CubaThreadPoolTaskScheduler - Shutting down ExecutorService 'scheduler'
2017-04-03 10:41:55.414 INFO  [localhost-startStop-1] com.haulmont.cuba.core.sys.AppComponents - Using app components: [com.haulmont.cuba]
2017-04-03 10:41:55.570 INFO  [localhost-startStop-1] com.haulmont.cuba.core.sys.AppContextLoader - Loading app properties from classpath:cuba-app.properties
2017-04-03 10:41:55.576 INFO  [localhost-startStop-1] com.haulmont.cuba.core.sys.AppContextLoader - Loading app properties from classpath:com/company/ams/app.properties
2017-04-03 10:41:56.039 INFO  [localhost-startStop-1] com.haulmont.cuba.core.sys.AppContextLoader - DbmsType of the main database is set to hsql
2017-04-03 10:41:56.713 INFO  [localhost-startStop-1] com.haulmont.cuba.core.sys.persistence.PersistenceConfigProcessor - Creating file /home/elangovan/Desktop/projectAMS/build/tomcat/work/app-core/persistence.xml
2017-04-03 10:41:57.959 INFO  [localhost-startStop-1] com.haulmont.cuba.core.sys.CubaCoreApplicationContext - Refreshing com.haulmont.cuba.core.sys.CubaCoreApplicationContext@2f0d7ec1: startup date [Mon Apr 03 10:41:57 IST 2017]; root of context hierarchy
2017-04-03 10:42:15.212 INFO  [localhost-startStop-1] com.haulmont.chile.core.datatypes.Datatypes - Can't find /datatypes.xml, using default datatypes settings
2017-04-03 10:42:23.827 INFO  [localhost-startStop-1] com.haulmont.cuba.core.sys.CubaThreadPoolTaskScheduler - Initializing ExecutorService  'scheduler'
2017-04-03 10:42:24.551 INFO  [localhost-startStop-1] com.haulmont.cuba.core.sys.jmx.MBeanExporter - Registering beans for JMX exposure: [app-core.cuba:type=PersistenceManager, app-core.cuba:type=ConfigStorage, app-core.cuba:type=UserSessions, app-core.cuba:type=UniqueNumbers, app-core.cuba:type=Emailer, app-core.cuba:type=EntityLog, app-core.cuba:type=FileStorage, app-core.cuba:type=LockManager, app-core.cuba:type=CachingFacade, app-core.cuba:type=ClusterManager, app-core.cuba:type=ScriptingManager, app-core.cuba:type=ServerInfo, app-core.cuba:type=Scheduling, app-core.cuba:type=ObjectsCacheManager, app-core.cuba:type=PasswordEncryptionSupport, app-core.cuba:type=JmxNodeIdentifier, app-core.cuba:type=JmxLogControl, app-core.cuba:type=ClassLoaderManager, app-core.cuba:type=StatisticsCounter, app-core.cuba:type=BruteForceProtection, app-core.cuba:type=QueryCacheSupport, app-core.cuba:type=IdpSessions]
2017-04-03 10:42:25.431 DEBUG [localhost-startStop-1] com.haulmont.cuba.security.app.LoginWorkerBean - Initialize anonymous session
2017-04-03 10:42:25.436 INFO  [localhost-startStop-1] com.haulmont.cuba.core.app.ConfigStorage - Loading DB-stored app properties cache
2017-04-03 10:42:26.584 INFO  [localhost-startStop-1] com.haulmont.cuba.core.sys.MetadataImpl - Initializing metadata
2017-04-03 10:42:27.072 INFO  [localhost-startStop-1] com.haulmont.cuba.core.sys.MetadataImpl - Metadata initialized in 488ms
2017-04-03 10:42:29.047 INFO  [localhost-startStop-1] com.haulmont.cuba.core.sys.DefaultPermissionValuesConfig - Initializing default permission values
2017-04-03 10:42:29.263 INFO  [localhost-startStop-1] com.haulmont.cuba.security.app.LoginWorkerBean - Logged in: dcfaf853-9e32-2fb2-dca7-2c2f4cc43078 [anonymous]
2017-04-03 10:42:29.263 DEBUG [localhost-startStop-1] com.haulmont.cuba.security.app.LoginWorkerBean - Anonymous session initialized with id dcfaf853-9e32-2fb2-dca7-2c2f4cc43078
2017-04-03 10:42:29.263 INFO  [localhost-startStop-1] com.haulmont.cuba.core.sys.AppContextLoader - AppContext initialized
2017-04-03 10:42:29.403 INFO  [localhost-startStop-1] com.haulmont.cuba.core.sys.remoting.RemotingServlet - FrameworkServlet 'remoting': initialization started
2017-04-03 10:42:29.448 INFO  [localhost-startStop-1] com.haulmont.cuba.core.sys.CubaDefaultXmlWebApplicationContext - Refreshing WebApplicationContext for namespace 'remoting-servlet': startup date [Mon Apr 03 10:42:29 IST 2017]; parent: com.haulmont.cuba.core.sys.CubaCoreApplicationContext@2f0d7ec1
2017-04-03 10:42:29.546 INFO  [localhost-startStop-1] com.haulmont.cuba.core.sys.remoting.RemoteServicesBeanCreator - Configuring remote services
2017-04-03 10:42:31.037 INFO  [localhost-startStop-1] com.haulmont.cuba.core.sys.remoting.RemotingServlet - FrameworkServlet 'remoting': initialization completed in 1633 ms
2017-04-03 10:42:32.006 INFO  [localhost-startStop-1] com.haulmont.cuba.core.sys.AppComponents - Using app components: [com.haulmont.cuba]
2017-04-03 10:42:32.024 INFO  [localhost-startStop-1] com.haulmont.cuba.web.sys.WebAppContextLoader - Loading app properties from classpath:cuba-web-app.properties
2017-04-03 10:42:32.030 INFO  [localhost-startStop-1] com.haulmont.cuba.web.sys.WebAppContextLoader - Loading app properties from classpath:com/company/ams/web-app.properties
2017-04-03 10:42:32.057 INFO  [localhost-startStop-1] com.haulmont.cuba.core.sys.CubaClassPathXmlApplicationContext - Refreshing com.haulmont.cuba.core.sys.CubaClassPathXmlApplicationContext@5e56603f: startup date [Mon Apr 03 10:42:32 IST 2017]; root of context hierarchy
2017-04-03 10:42:34.806 INFO  [localhost-startStop-1] com.haulmont.cuba.web.sys.remoting.WebRemoteProxyBeanCreator - Configuring proxy beans for local service invocations: [cuba_LoginService, cuba_ServerInfoService, cuba_UserSettingService, cuba_UserManagementService, cuba_DataService, cuba_ConfigStorageService, cuba_PersistenceManagerService, cuba_LockService, cuba_UserSessionService, cuba_FoldersService, cuba_EmailService, cuba_FileStorageService, cuba_EntitySnapshotService, cuba_UniqueNumbersService, cuba_LocalizedMessageService, cuba_ResourceService, cuba_ScheduledTasksService, cuba_EntityLogService, cuba_TestingService, cuba_ObjectsCacheManagerService, cuba_DomainDescriptionService, cuba_RelatedEntitiesService, cuba_EntitySqlGenerationService, cuba_NumberIdService, cuba_QueryResultsService, cuba_DynamicAttributesCacheService, cuba_EntityRestoreService, cuba_LocalFileExchangeService, cuba_EntityImportExportService, cuba_ScreenProfilerService, cuba_ServerTokenStore, cuba_IdpService]
2017-04-03 10:42:34.813 INFO  [localhost-startStop-1] com.haulmont.cuba.web.sys.remoting.WebRemoteProxyBeanCreator - Configuring proxy beans for local service invocations: [ams_NewService]
2017-04-03 10:42:35.920 INFO  [localhost-startStop-1] com.haulmont.chile.core.datatypes.Datatypes - Can't find /datatypes.xml, using default datatypes settings
2017-04-03 10:42:37.952 INFO  [localhost-startStop-1] com.haulmont.cuba.core.sys.CubaThreadPoolTaskScheduler - Initializing ExecutorService  'scheduler'
2017-04-03 10:42:39.369 INFO  [localhost-startStop-1] com.haulmont.cuba.core.sys.jmx.MBeanExporter - Registering beans for JMX exposure: [app.cuba:type=ConfigStorage, app.cuba:type=CachingFacade, app.cuba:type=FileUploading, app.cuba:type=JmxNodeIdentifier, app.cuba:type=JmxLogControl, app.cuba:type=ClassLoaderManager, app.cuba:type=StatisticsCounter]
2017-04-03 10:42:39.457 INFO  [localhost-startStop-1] com.haulmont.cuba.web.sys.WebAppContextLoader - AppContext initialized
2017-04-03 10:42:39.500 INFO  [localhost-startStop-1] com.haulmont.cuba.web.sys.CubaDispatcherServlet - FrameworkServlet 'dispatcher': initialization started
2017-04-03 10:42:39.507 INFO  [localhost-startStop-1] com.haulmont.cuba.core.sys.CubaXmlWebApplicationContext - Refreshing WebApplicationContext for namespace 'dispatcher-servlet': startup date [Mon Apr 03 10:42:39 IST 2017]; parent: com.haulmont.cuba.core.sys.CubaClassPathXmlApplicationContext@5e56603f
2017-04-03 10:42:43.075 INFO  [localhost-startStop-1] com.haulmont.cuba.web.sys.CubaDispatcherServlet - FrameworkServlet 'dispatcher': initialization completed in 3574 ms
2017-04-03 10:42:43.078 INFO  [localhost-startStop-1] com.haulmont.restapi.sys.CubaRestApiServlet - FrameworkServlet 'rest_api': initialization started
2017-04-03 10:42:43.080 INFO  [localhost-startStop-1] com.haulmont.cuba.core.sys.CubaXmlWebApplicationContext - Refreshing WebApplicationContext for namespace 'rest_api-servlet': startup date [Mon Apr 03 10:42:43 IST 2017]; parent: com.haulmont.cuba.core.sys.CubaClassPathXmlApplicationContext@5e56603f
2017-04-03 10:42:47.015 INFO  [localhost-startStop-1] com.haulmont.restapi.sys.CubaRestApiServlet - FrameworkServlet 'rest_api': initialization completed in 3936 ms
2017-04-03 11:14:50.844 INFO  [localhost-startStop-2] com.haulmont.cuba.core.sys.CubaXmlWebApplicationContext - Closing WebApplicationContext for namespace 'rest_api-servlet': startup date [Mon Apr 03 10:42:43 IST 2017]; parent: com.haulmont.cuba.core.sys.CubaClassPathXmlApplicationContext@5e56603f
2017-04-03 11:14:52.973 INFO  [localhost-startStop-2] com.haulmont.cuba.core.sys.CubaXmlWebApplicationContext - Closing WebApplicationContext for namespace 'dispatcher-servlet': startup date [Mon Apr 03 10:42:39 IST 2017]; parent: com.haulmont.cuba.core.sys.CubaClassPathXmlApplicationContext@5e56603f
2017-04-03 11:14:55.809 INFO  [localhost-startStop-2] com.haulmont.cuba.core.sys.CubaClassPathXmlApplicationContext - Closing com.haulmont.cuba.core.sys.CubaClassPathXmlApplicationContext@5e56603f: startup date [Mon Apr 03 10:42:32 IST 2017]; root of context hierarchy
2017-04-03 11:14:56.016 INFO  [localhost-startStop-2] com.haulmont.cuba.core.sys.CubaThreadPoolTaskScheduler - Shutting down ExecutorService 'scheduler'
