Performance Statistics   2017-04-03 10:14:00 - 2017-04-03 10:16:00
Tag                                                  Avg(ms)         Min         Max     Std Dev       Count
ams$NewAsset.browse#init                                 0.0           0           0         0.0           2
ams$NewAsset.browse#inject                               0.0           0           0         0.0           2
ams$NewAsset.browse#load                               167.0          74         260        93.0           2
ams$NewAsset.browse#ready                                0.0           0           0         0.0           2
ams$NewAsset.browse#uiPermissions                        0.0           0           0         0.0           2
ams$NewAsset.browse#xml                                  3.0           0           6         3.0           2
ams$NewAsset.browse@newAssetsDs                        299.0         161         437       138.0           2
ams$NewAsset.edit#init                                   0.0           0           0         0.0           2
ams$NewAsset.edit#inject                                 0.5           0           1         0.5           4
ams$NewAsset.edit#load                                  97.0          37         157        60.0           2
ams$NewAsset.edit#ready                                  0.0           0           0         0.0           2
ams$NewAsset.edit#setItem                               86.0          49         123        37.0           2
ams$NewAsset.edit#uiPermissions                          0.0           0           0         0.0           2
ams$NewAsset.edit#xml                                    1.5           0           3         1.5           2
ams$NewAsset.edit.windowActions#load                     2.0           0           4         2.0           2
ams$RequestAsset.browse#init                             0.5           0           1         0.5           2
ams$RequestAsset.browse#inject                           5.5           5           6         0.5           2
ams$RequestAsset.browse#load                           333.0          26         640       307.0           2
ams$RequestAsset.browse#ready                            0.0           0           0         0.0           2
ams$RequestAsset.browse#uiPermissions                    0.0           0           0         0.0           2
ams$RequestAsset.browse#xml                              8.5           0          17         8.5           2
ams$RequestAsset.browse@assetsDs                       324.0          47         601       277.0           2
ams$RequestAsset.browse@newAssetDs                      56.0          34         100        31.1           3
loginWindow#init                                        11.0           1          21        10.0           2
loginWindow#inject                                      11.5           5          18         6.5           2
loginWindow#load                                       421.5          12         831       409.5           2
loginWindow#ready                                        0.0           0           0         0.0           2
loginWindow#uiPermissions                                0.0           0           0         0.0           2
loginWindow#xml                                         46.5           0          93        46.5           2
mainWindow#init                                         39.5           0          79        39.5           2
mainWindow#inject                                        4.5           0           9         4.5           2
mainWindow#load                                        217.5          49         386       168.5           2
mainWindow#ready                                         0.0           0           0         0.0           2
mainWindow#uiPermissions                                 0.0           0           0         0.0           2
mainWindow#xml                                           6.5           0          13         6.5           2
windowActions#xml                                        0.5           0           1         0.5           2

Performance Statistics   2017-04-03 10:16:00 - 2017-04-03 10:18:00
Tag                                                  Avg(ms)         Min         Max     Std Dev       Count
attributesTabFrame#xml                                   2.0           2           2         0.0           1
entitiesTabFrame#xml                                     3.0           3           3         0.0           1
loginWindow#init                                         0.0           0           0         0.0           1
loginWindow#inject                                       0.0           0           0         0.0           1
loginWindow#load                                        12.0          12          12         0.0           1
loginWindow#ready                                        0.0           0           0         0.0           1
loginWindow#uiPermissions                                0.0           0           0         0.0           1
loginWindow#xml                                          0.0           0           0         0.0           1
mainWindow#init                                          0.0           0           0         0.0           1
mainWindow#inject                                        0.0           0           0         0.0           1
mainWindow#load                                         27.0          27          27         0.0           1
mainWindow#ready                                         0.0           0           0         0.0           1
mainWindow#uiPermissions                                 0.0           0           0         0.0           1
mainWindow#xml                                           0.0           0           0         0.0           1
screensTabFrame#xml                                      2.0           2           2         0.0           1
sec$Role.browse#init                                    10.0          10          10         0.0           1
sec$Role.browse#inject                                   2.0           2           2         0.0           1
sec$Role.browse#load                                    93.0          93          93         0.0           1
sec$Role.browse#ready                                    0.0           0           0         0.0           1
sec$Role.browse#uiPermissions                            0.0           0           0         0.0           1
sec$Role.browse#xml                                      3.0           3           3         0.0           1
sec$Role.browse@rolesDs                                 26.0          26          26         0.0           1
sec$Role.edit#companion                                  4.7           4           5         0.5           3
sec$Role.edit#init                                       0.0           0           0         0.0           1
sec$Role.edit#inject                                     6.4           0          28        10.9           5
sec$Role.edit#load                                     171.0         171         171         0.0           1
sec$Role.edit#ready                                      0.0           0           0         0.0           1
sec$Role.edit#setItem                                  691.0         691         691         0.0           1
sec$Role.edit#uiPermissions                              0.0           0           0         0.0           1
sec$Role.edit#xml                                        9.0           9           9         0.0           1
sec$Role.edit.attributesTabFrame#init                  378.0         378         378         0.0           1
sec$Role.edit.attributesTabFrame#load                   17.0          17          17         0.0           1
sec$Role.edit.attributesTabFrame#uiPermissions           0.0           0           0         0.0           1
sec$Role.edit.attributesTabFrame@propertyPermissionsDs       330.0         330         330         0.0           1
sec$Role.edit.entitiesTabFrame#init                    109.0         109         109         0.0           1
sec$Role.edit.entitiesTabFrame#load                     34.0          34          34         0.0           1
sec$Role.edit.entitiesTabFrame#uiPermissions             0.0           0           0         0.0           1
sec$Role.edit.entitiesTabFrame@entityPermissionsDs        70.0          70          70         0.0           1
sec$Role.edit.screensTabFrame#init                      16.0          16          16         0.0           1
sec$Role.edit.screensTabFrame#load                      25.0          25          25         0.0           1
sec$Role.edit.screensTabFrame#uiPermissions              0.0           0           0         0.0           1
sec$Role.edit.screensTabFrame@screenPermissionsDs        57.0          57          57         0.0           1
sec$Role.edit.screensTabFrame@screenPermissionsTreeDs       553.0         553         553         0.0           1
sec$Role.edit.windowActions#load                         0.0           0           0         0.0           1
windowActions#xml                                        1.0           1           1         0.0           1

Performance Statistics   2017-04-03 10:18:00 - 2017-04-03 10:20:00
Tag                                                  Avg(ms)         Min         Max     Std Dev       Count
ams$NewAsset.browse#init                                 0.0           0           0         0.0           1
ams$NewAsset.browse#inject                               0.0           0           0         0.0           1
ams$NewAsset.browse#load                                25.0          25          25         0.0           1
ams$NewAsset.browse#ready                                0.0           0           0         0.0           1
ams$NewAsset.browse#uiPermissions                        0.0           0           0         0.0           1
ams$NewAsset.browse#xml                                  0.0           0           0         0.0           1
ams$NewAsset.browse@newAssetsDs                         96.0          96          96         0.0           1
ams$NewAsset.edit#init                                   0.0           0           0         0.0           1
ams$NewAsset.edit#inject                                 0.0           0           0         0.0           2
ams$NewAsset.edit#load                                  19.0          19          19         0.0           1
ams$NewAsset.edit#ready                                  0.0           0           0         0.0           1
ams$NewAsset.edit#setItem                               34.0          34          34         0.0           1
ams$NewAsset.edit#uiPermissions                          0.0           0           0         0.0           1
ams$NewAsset.edit#xml                                    0.0           0           0         0.0           1
ams$NewAsset.edit.windowActions#load                     0.0           0           0         0.0           1
ams$RequestAsset.browse#init                             0.0           0           0         0.0           1
ams$RequestAsset.browse#inject                           0.0           0           0         0.0           1
ams$RequestAsset.browse#load                            26.0          26          26         0.0           1
ams$RequestAsset.browse#ready                            0.0           0           0         0.0           1
ams$RequestAsset.browse#uiPermissions                    0.0           0           0         0.0           1
ams$RequestAsset.browse#xml                              0.0           0           0         0.0           1
ams$RequestAsset.browse@assetsDs                        40.0          40          40         0.0           1
ams$RequestAsset.browse@newAssetDs                      25.0          23          27         2.0           2
entitiesTabFrame#xml                                     0.0           0           0         0.0           1
loginWindow#init                                         0.0           0           0         0.0           3
loginWindow#inject                                      11.7           0          18         8.3           3
loginWindow#load                                        10.3           9          12         1.2           3
loginWindow#ready                                        0.0           0           0         0.0           3
loginWindow#uiPermissions                                0.0           0           0         0.0           3
loginWindow#xml                                          0.0           0           0         0.0           3
mainWindow#init                                          0.0           0           0         0.0           2
mainWindow#inject                                        4.0           0           8         4.0           2
mainWindow#load                                         29.0          22          36         7.0           2
mainWindow#ready                                         0.0           0           0         0.0           2
mainWindow#uiPermissions                                 0.0           0           0         0.0           2
mainWindow#xml                                           0.0           0           0         0.0           2
screensTabFrame#xml                                      0.0           0           0         0.0           1
sec$Role.browse#init                                     0.0           0           0         0.0           1
sec$Role.browse#inject                                   0.0           0           0         0.0           1
sec$Role.browse#load                                    15.0          15          15         0.0           1
sec$Role.browse#ready                                    0.0           0           0         0.0           1
sec$Role.browse#uiPermissions                            0.0           0           0         0.0           1
sec$Role.browse#xml                                      0.0           0           0         0.0           1
sec$Role.browse@rolesDs                                 28.0          28          28         0.0           1
sec$Role.edit#companion                                  1.0           1           1         0.0           2
sec$Role.edit#init                                       0.0           0           0         0.0           1
sec$Role.edit#inject                                     0.0           0           0         0.0           4
sec$Role.edit#load                                      32.0          32          32         0.0           1
sec$Role.edit#ready                                      0.0           0           0         0.0           1
sec$Role.edit#setItem                                   61.0          61          61         0.0           1
sec$Role.edit#uiPermissions                              0.0           0           0         0.0           1
sec$Role.edit#xml                                        0.0           0           0         0.0           1
sec$Role.edit.entitiesTabFrame#init                     95.0          95          95         0.0           1
sec$Role.edit.entitiesTabFrame#load                     15.0          15          15         0.0           1
sec$Role.edit.entitiesTabFrame#uiPermissions             0.0           0           0         0.0           1
sec$Role.edit.entitiesTabFrame@entityPermissionsDs        69.0          69          69         0.0           1
sec$Role.edit.screensTabFrame#init                       1.0           1           1         0.0           1
sec$Role.edit.screensTabFrame#load                       6.0           6           6         0.0           1
sec$Role.edit.screensTabFrame#uiPermissions              0.0           0           0         0.0           1
sec$Role.edit.screensTabFrame@screenPermissionsDs        33.0          33          33         0.0           1
sec$Role.edit.screensTabFrame@screenPermissionsTreeDs         3.0           3           3         0.0           1
sec$Role.edit.windowActions#load                         0.0           0           0         0.0           1
windowActions#xml                                        0.0           0           0         0.0           2

Performance Statistics   2017-04-03 10:20:00 - 2017-04-03 10:22:00
Tag                                                  Avg(ms)         Min         Max     Std Dev       Count
ams$RequestAsset.browse#init                             0.0           0           0         0.0           1
ams$RequestAsset.browse#inject                           1.0           1           1         0.0           1
ams$RequestAsset.browse#load                            16.0          16          16         0.0           1
ams$RequestAsset.browse#ready                            0.0           0           0         0.0           1
ams$RequestAsset.browse#uiPermissions                    0.0           0           0         0.0           1
ams$RequestAsset.browse#xml                              0.0           0           0         0.0           1
ams$RequestAsset.browse@assetsDs                        25.0          25          25         0.0           1
ams$RequestAsset.browse@newAssetDs                      26.0          24          28         2.0           2
mainWindow#init                                          0.0           0           0         0.0           1
mainWindow#inject                                        1.0           1           1         0.0           1
mainWindow#load                                         27.0          27          27         0.0           1
mainWindow#ready                                         0.0           0           0         0.0           1
mainWindow#uiPermissions                                 0.0           0           0         0.0           1
mainWindow#xml                                           0.0           0           0         0.0           1

Performance Statistics   2017-04-03 10:24:00 - 2017-04-03 10:26:00
Tag                                                  Avg(ms)         Min         Max     Std Dev       Count
loginWindow#init                                        21.0          21          21         0.0           1
loginWindow#inject                                      17.0          17          17         0.0           1
loginWindow#load                                       634.0         634         634         0.0           1
loginWindow#ready                                        0.0           0           0         0.0           1
loginWindow#uiPermissions                                0.0           0           0         0.0           1
loginWindow#xml                                         45.0          45          45         0.0           1
mainWindow#init                                         59.0          59          59         0.0           1
mainWindow#inject                                       15.0          15          15         0.0           1
mainWindow#load                                        572.0         572         572         0.0           1
mainWindow#ready                                         0.0           0           0         0.0           1
mainWindow#uiPermissions                                 0.0           0           0         0.0           1
mainWindow#xml                                          21.0          21          21         0.0           1

Performance Statistics   2017-04-03 10:26:00 - 2017-04-03 10:28:00
Tag                                                  Avg(ms)         Min         Max     Std Dev       Count
loginWindow#init                                        22.0          22          22         0.0           1
loginWindow#inject                                      14.0          14          14         0.0           1
loginWindow#load                                      1032.0        1032        1032         0.0           1
loginWindow#ready                                        0.0           0           0         0.0           1
loginWindow#uiPermissions                                0.0           0           0         0.0           1
loginWindow#xml                                         48.0          48          48         0.0           1
mainWindow#init                                        244.0         244         244         0.0           1
mainWindow#inject                                        9.0           9           9         0.0           1
mainWindow#load                                        694.0         694         694         0.0           1
mainWindow#ready                                         0.0           0           0         0.0           1
mainWindow#uiPermissions                                 0.0           0           0         0.0           1
mainWindow#xml                                          19.0          19          19         0.0           1

Performance Statistics   2017-04-03 10:28:00 - 2017-04-03 10:30:00
Tag                                                  Avg(ms)         Min         Max     Std Dev       Count
ams$NewAsset.browse#init                                 0.0           0           0         0.0           1
ams$NewAsset.browse#inject                               1.0           1           1         0.0           1
ams$NewAsset.browse#load                              1354.0        1354        1354         0.0           1
ams$NewAsset.browse#ready                                0.0           0           0         0.0           1
ams$NewAsset.browse#uiPermissions                        0.0           0           0         0.0           1
ams$NewAsset.browse#xml                                 30.0          30          30         0.0           1
ams$NewAsset.browse@newAssetsDs                        839.0         839         839         0.0           1

Performance Statistics   2017-04-03 10:30:00 - 2017-04-03 10:32:00
Tag                                                  Avg(ms)         Min         Max     Std Dev       Count
loginWindow#init                                        31.0          31          31         0.0           1
loginWindow#inject                                      20.0          20          20         0.0           1
loginWindow#load                                       945.0         945         945         0.0           1
loginWindow#ready                                        0.0           0           0         0.0           1
loginWindow#uiPermissions                                0.0           0           0         0.0           1
loginWindow#xml                                         95.0          95          95         0.0           1

Performance Statistics   2017-04-03 10:32:00 - 2017-04-03 10:34:00
Tag                                                  Avg(ms)         Min         Max     Std Dev       Count

Performance Statistics   2017-04-03 10:34:00 - 2017-04-03 10:36:00
Tag                                                  Avg(ms)         Min         Max     Std Dev       Count

Performance Statistics   2017-04-03 10:36:00 - 2017-04-03 10:38:00
Tag                                                  Avg(ms)         Min         Max     Std Dev       Count

Performance Statistics   2017-04-03 10:38:00 - 2017-04-03 10:40:00
Tag                                                  Avg(ms)         Min         Max     Std Dev       Count
mainWindow#init                                        153.0         153         153         0.0           1
mainWindow#inject                                        5.0           5           5         0.0           1
mainWindow#load                                       1724.0        1724        1724         0.0           1
mainWindow#ready                                         0.0           0           0         0.0           1
mainWindow#uiPermissions                                 0.0           0           0         0.0           1
mainWindow#xml                                          40.0          40          40         0.0           1

Performance Statistics   2017-04-03 10:42:00 - 2017-04-03 10:44:00
Tag                                                  Avg(ms)         Min         Max     Std Dev       Count

Performance Statistics   2017-04-03 10:44:00 - 2017-04-03 10:46:00
Tag                                                  Avg(ms)         Min         Max     Std Dev       Count

Performance Statistics   2017-04-03 10:46:00 - 2017-04-03 10:48:00
Tag                                                  Avg(ms)         Min         Max     Std Dev       Count

Performance Statistics   2017-04-03 10:48:00 - 2017-04-03 10:50:00
Tag                                                  Avg(ms)         Min         Max     Std Dev       Count

Performance Statistics   2017-04-03 10:50:00 - 2017-04-03 10:52:00
Tag                                                  Avg(ms)         Min         Max     Std Dev       Count

Performance Statistics   2017-04-03 10:52:00 - 2017-04-03 10:54:00
Tag                                                  Avg(ms)         Min         Max     Std Dev       Count

Performance Statistics   2017-04-03 10:54:00 - 2017-04-03 10:56:00
Tag                                                  Avg(ms)         Min         Max     Std Dev       Count

Performance Statistics   2017-04-03 10:56:00 - 2017-04-03 10:58:00
Tag                                                  Avg(ms)         Min         Max     Std Dev       Count

Performance Statistics   2017-04-03 10:58:00 - 2017-04-03 11:00:00
Tag                                                  Avg(ms)         Min         Max     Std Dev       Count

Performance Statistics   2017-04-03 11:00:00 - 2017-04-03 11:02:00
Tag                                                  Avg(ms)         Min         Max     Std Dev       Count

Performance Statistics   2017-04-03 11:02:00 - 2017-04-03 11:04:00
Tag                                                  Avg(ms)         Min         Max     Std Dev       Count

Performance Statistics   2017-04-03 11:04:00 - 2017-04-03 11:06:00
Tag                                                  Avg(ms)         Min         Max     Std Dev       Count

Performance Statistics   2017-04-03 11:06:00 - 2017-04-03 11:08:00
Tag                                                  Avg(ms)         Min         Max     Std Dev       Count

Performance Statistics   2017-04-03 11:08:00 - 2017-04-03 11:10:00
Tag                                                  Avg(ms)         Min         Max     Std Dev       Count

Performance Statistics   2017-04-03 11:10:00 - 2017-04-03 11:12:00
Tag                                                  Avg(ms)         Min         Max     Std Dev       Count

